#
# There is insufficient memory for the Java Runtime Environment to continue.
# Native memory allocation (malloc) failed to allocate 1391824 bytes for Chunk::new
# Possible reasons:
#   The system is out of physical RAM or swap space
#   The process is running with CompressedOops enabled, and the Java Heap may be blocking the growth of the native heap
# Possible solutions:
#   Reduce memory load on the system
#   Increase physical memory or swap space
#   Check if swap backing store is full
#   Decrease Java heap size (-Xmx/-Xms)
#   Decrease number of Java threads
#   Decrease Java thread stack sizes (-Xss)
#   Set larger code cache with -XX:ReservedCodeCacheSize=
#   JVM is running with Unscaled Compressed Oops mode in which the Java heap is
#     placed in the first 4GB address space. The Java Heap base address is the
#     maximum limit for the native heap growth. Please use -XX:HeapBaseMinAddress
#     to set the Java Heap base and to place the Java Heap above 4GB virtual address.
# This output file may be truncated or incomplete.
#
#  Out of Memory Error (arena.cpp:189), pid=2552, tid=13256
#
# JRE version: OpenJDK Runtime Environment Temurin-17.0.7+7 (17.0.7+7) (build 17.0.7+7)
# Java VM: OpenJDK 64-Bit Server VM Temurin-17.0.7+7 (17.0.7+7, mixed mode, tiered, compressed oops, compressed class ptrs, g1 gc, windows-amd64)
# No core dump will be written. Minidumps are not enabled by default on client versions of Windows
#

---------------  S U M M A R Y ------------

Command Line: -XX:+ShowCodeDetailsInExceptionMessages pe.edu.upeu.asistencia.SysAsistenciaAnApplication

Host: Intel(R) Core(TM) i5-10500H CPU @ 2.50GHz, 12 cores, 7G,  Windows 11 , 64 bit Build 22621 (10.0.22621.2070)
Time: Mon Sep  4 09:26:27 2023 Hora est. Pacífico, Sudamérica elapsed time: 8.903720 seconds (0d 0h 0m 8s)

---------------  T H R E A D  ---------------

Current thread (0x000002608765b7e0):  JavaThread "C2 CompilerThread0" daemon [_thread_in_native, id=13256, stack(0x000000a324100000,0x000000a324200000)]


Current CompileTask:
C2:   8903 7046       4       org.springframework.core.annotation.TypeMappedAnnotations$MergedAnnotationFinder::doWithAnnotations (75 bytes)

Stack: [0x000000a324100000,0x000000a324200000]
Native frames: (J=compiled Java code, j=interpreted, Vv=VM code, C=native code)
V  [jvm.dll+0x67754a]
V  [jvm.dll+0x834304]
V  [jvm.dll+0x835aae]
V  [jvm.dll+0x836113]
V  [jvm.dll+0x24696f]
V  [jvm.dll+0xac0ac]
V  [jvm.dll+0xac67c]
V  [jvm.dll+0x364e37]
V  [jvm.dll+0x1bcc02]
V  [jvm.dll+0x219799]
V  [jvm.dll+0x218a61]
V  [jvm.dll+0x1a4d8d]
V  [jvm.dll+0x2284da]
V  [jvm.dll+0x226615]
V  [jvm.dll+0x7ea90b]
V  [jvm.dll+0x7e4e7a]
V  [jvm.dll+0x676395]
C  [ucrtbase.dll+0x29363]
C  [KERNEL32.DLL+0x126ad]
C  [ntdll.dll+0x5aa68]


---------------  P R O C E S S  ---------------

Threads class SMR info:
_java_thread_list=0x000002608c9a43f0, length=33, elements={
0x0000026087613020, 0x0000026087613ae0, 0x00000260875f3d50, 0x00000260875f4710,
0x00000260875f6fe0, 0x00000260875f78a0, 0x000002608765b7e0, 0x00000260875f9910,
0x000002608766d110, 0x00000260877bee70, 0x00000260877c52f0, 0x00000260904519e0,
0x000002609044f830, 0x000002609044ee90, 0x00000260904506a0, 0x000002609044e9c0,
0x0000026090451040, 0x00000260875fb260, 0x0000026090451eb0, 0x0000026090452380,
0x00000260904501d0, 0x0000026090451510, 0x000002609044f360, 0x000002609044fd00,
0x0000026091eca970, 0x0000026091ec9160, 0x0000026091ec8c90, 0x0000026091ec7950,
0x0000026091ec9fd0, 0x0000026091ec5c70, 0x0000026091ec9b00, 0x0000026091ec6ae0,
0x0000026091ec52d0
}

Java Threads: ( => current thread )
  0x0000026087613020 JavaThread "Reference Handler" daemon [_thread_blocked, id=18516, stack(0x000000a323b00000,0x000000a323c00000)]
  0x0000026087613ae0 JavaThread "Finalizer" daemon [_thread_blocked, id=12392, stack(0x000000a323c00000,0x000000a323d00000)]
  0x00000260875f3d50 JavaThread "Signal Dispatcher" daemon [_thread_blocked, id=5232, stack(0x000000a323d00000,0x000000a323e00000)]
  0x00000260875f4710 JavaThread "Attach Listener" daemon [_thread_blocked, id=2228, stack(0x000000a323e00000,0x000000a323f00000)]
  0x00000260875f6fe0 JavaThread "Service Thread" daemon [_thread_blocked, id=19048, stack(0x000000a323f00000,0x000000a324000000)]
  0x00000260875f78a0 JavaThread "Monitor Deflation Thread" daemon [_thread_blocked, id=13452, stack(0x000000a324000000,0x000000a324100000)]
=>0x000002608765b7e0 JavaThread "C2 CompilerThread0" daemon [_thread_in_native, id=13256, stack(0x000000a324100000,0x000000a324200000)]
  0x00000260875f9910 JavaThread "C1 CompilerThread0" daemon [_thread_blocked, id=19100, stack(0x000000a324200000,0x000000a324300000)]
  0x000002608766d110 JavaThread "Sweeper thread" daemon [_thread_blocked, id=17716, stack(0x000000a324300000,0x000000a324400000)]
  0x00000260877bee70 JavaThread "Notification Thread" daemon [_thread_blocked, id=1724, stack(0x000000a324400000,0x000000a324500000)]
  0x00000260877c52f0 JavaThread "Common-Cleaner" daemon [_thread_blocked, id=7056, stack(0x000000a324600000,0x000000a324700000)]
  0x00000260904519e0 JavaThread "mysql-cj-abandoned-connection-cleanup" daemon [_thread_blocked, id=3492, stack(0x000000a324800000,0x000000a324900000)]
  0x000002609044f830 JavaThread "HikariPool-1 housekeeper" daemon [_thread_blocked, id=3708, stack(0x000000a325700000,0x000000a325800000)]
  0x000002609044ee90 JavaThread "Catalina-utility-1" [_thread_blocked, id=4284, stack(0x000000a325800000,0x000000a325900000)]
  0x00000260904506a0 JavaThread "Catalina-utility-2" [_thread_blocked, id=1800, stack(0x000000a325900000,0x000000a325a00000)]
  0x000002609044e9c0 JavaThread "container-0" [_thread_blocked, id=10092, stack(0x000000a325a00000,0x000000a325b00000)]
  0x0000026090451040 JavaThread "HikariPool-1 connection adder" daemon [_thread_blocked, id=16124, stack(0x000000a325b00000,0x000000a325c00000)]
  0x00000260875fb260 JavaThread "C2 CompilerThread1" daemon [_thread_in_native, id=10748, stack(0x000000a324700000,0x000000a324800000)]
  0x0000026090451eb0 JavaThread "File Watcher" daemon [_thread_blocked, id=11056, stack(0x000000a325c00000,0x000000a325d00000)]
  0x0000026090452380 JavaThread "Live Reload Server" daemon [_thread_in_native, id=8304, stack(0x000000a325e00000,0x000000a325f00000)]
  0x00000260904501d0 JavaThread "http-nio-8080-exec-1" daemon [_thread_blocked, id=14700, stack(0x000000a325d00000,0x000000a325e00000)]
  0x0000026090451510 JavaThread "http-nio-8080-exec-2" daemon [_thread_blocked, id=9220, stack(0x000000a325f00000,0x000000a326000000)]
  0x000002609044f360 JavaThread "http-nio-8080-exec-3" daemon [_thread_blocked, id=8280, stack(0x000000a326000000,0x000000a326100000)]
  0x000002609044fd00 JavaThread "http-nio-8080-exec-4" daemon [_thread_blocked, id=18588, stack(0x000000a326100000,0x000000a326200000)]
  0x0000026091eca970 JavaThread "http-nio-8080-exec-5" daemon [_thread_blocked, id=15660, stack(0x000000a326200000,0x000000a326300000)]
  0x0000026091ec9160 JavaThread "http-nio-8080-exec-6" daemon [_thread_blocked, id=18820, stack(0x000000a326300000,0x000000a326400000)]
  0x0000026091ec8c90 JavaThread "http-nio-8080-exec-7" daemon [_thread_blocked, id=3016, stack(0x000000a326400000,0x000000a326500000)]
  0x0000026091ec7950 JavaThread "http-nio-8080-exec-8" daemon [_thread_blocked, id=17036, stack(0x000000a326500000,0x000000a326600000)]
  0x0000026091ec9fd0 JavaThread "http-nio-8080-exec-9" daemon [_thread_blocked, id=18604, stack(0x000000a326600000,0x000000a326700000)]
  0x0000026091ec5c70 JavaThread "http-nio-8080-exec-10" daemon [_thread_blocked, id=13524, stack(0x000000a326700000,0x000000a326800000)]
  0x0000026091ec9b00 JavaThread "http-nio-8080-Poller" daemon [_thread_in_native, id=17596, stack(0x000000a326800000,0x000000a326900000)]
  0x0000026091ec6ae0 JavaThread "http-nio-8080-Acceptor" daemon [_thread_in_native, id=16480, stack(0x000000a326900000,0x000000a326a00000)]
  0x0000026091ec52d0 JavaThread "DestroyJavaVM" [_thread_blocked, id=4532, stack(0x000000a323400000,0x000000a323500000)]

Other Threads:
  0x00000260875aaf30 VMThread "VM Thread" [stack: 0x000000a323a00000,0x000000a323b00000] [id=18344]
  0x00000260edd6ab50 WatcherThread [stack: 0x000000a324500000,0x000000a324600000] [id=16052]
  0x00000260edd52a70 GCTaskThread "GC Thread#0" [stack: 0x000000a323500000,0x000000a323600000] [id=11956]
  0x000002608c98f930 GCTaskThread "GC Thread#1" [stack: 0x000000a324b00000,0x000000a324c00000] [id=16264]
  0x000002608c98fbe0 GCTaskThread "GC Thread#2" [stack: 0x000000a324c00000,0x000000a324d00000] [id=12368]
  0x000002608c98fe90 GCTaskThread "GC Thread#3" [stack: 0x000000a324d00000,0x000000a324e00000] [id=6280]
  0x000002608c98ebc0 GCTaskThread "GC Thread#4" [stack: 0x000000a324e00000,0x000000a324f00000] [id=16612]
  0x000002608c98f680 GCTaskThread "GC Thread#5" [stack: 0x000000a324f00000,0x000000a325000000] [id=19132]
  0x000002608c98f120 GCTaskThread "GC Thread#6" [stack: 0x000000a325100000,0x000000a325200000] [id=15584]
  0x000002608c990140 GCTaskThread "GC Thread#7" [stack: 0x000000a325200000,0x000000a325300000] [id=6940]
  0x000002608c9906a0 GCTaskThread "GC Thread#8" [stack: 0x000000a325300000,0x000000a325400000] [id=17952]
  0x000002608c98f3d0 GCTaskThread "GC Thread#9" [stack: 0x000000a325400000,0x000000a325500000] [id=3552]
  0x00000260edd634a0 ConcurrentGCThread "G1 Main Marker" [stack: 0x000000a323600000,0x000000a323700000] [id=19192]
  0x00000260edd64560 ConcurrentGCThread "G1 Conc#0" [stack: 0x000000a323700000,0x000000a323800000] [id=4416]
  0x000002608d83c730 ConcurrentGCThread "G1 Conc#1" [stack: 0x000000a325500000,0x000000a325600000] [id=16272]
  0x000002608d83cf40 ConcurrentGCThread "G1 Conc#2" [stack: 0x000000a325600000,0x000000a325700000] [id=1832]
  0x00000260edd9eb50 ConcurrentGCThread "G1 Refine#0" [stack: 0x000000a323800000,0x000000a323900000] [id=2916]
  0x0000026087449500 ConcurrentGCThread "G1 Service" [stack: 0x000000a323900000,0x000000a323a00000] [id=11192]

Threads with active compile tasks:
C2 CompilerThread0     8933 7046       4       org.springframework.core.annotation.TypeMappedAnnotations$MergedAnnotationFinder::doWithAnnotations (75 bytes)
C2 CompilerThread1     8933 7264   !   4       org.springframework.core.annotation.AnnotationsScanner::processMethodHierarchy (276 bytes)

VM state: not at safepoint (normal execution)

VM Mutex/Monitor currently owned by a thread: None

Heap address: 0x0000000082c00000, size: 2004 MB, Compressed Oops mode: 32-bit

CDS archive(s) not mapped
Compressed class space mapped at: 0x0000000100000000-0x0000000140000000, reserved size: 1073741824
Narrow klass base: 0x0000000000000000, Narrow klass shift: 3, Narrow klass range: 0x140000000

GC Precious Log:
 CPUs: 12 total, 12 available
 Memory: 8013M
 Large Page Support: Disabled
 NUMA Support: Disabled
 Compressed Oops: Enabled (32-bit)
 Heap Region Size: 1M
 Heap Min Capacity: 8M
 Heap Initial Capacity: 126M
 Heap Max Capacity: 2004M
 Pre-touch: Disabled
 Parallel Workers: 10
 Concurrent Workers: 3
 Concurrent Refinement Workers: 10
 Periodic GC: Disabled

Heap:
 garbage-first heap   total 63488K, used 43855K [0x0000000082c00000, 0x0000000100000000)
  region size 1024K, 13 young (13312K), 2 survivors (2048K)
 Metaspace       used 72568K, committed 73152K, reserved 1114112K
  class space    used 9593K, committed 9856K, reserved 1048576K

Heap Regions: E=young(eden), S=young(survivor), O=old, HS=humongous(starts), HC=humongous(continues), CS=collection set, F=free, OA=open archive, CA=closed archive, TAMS=top-at-mark-start (previous, next)
|   0|0x0000000082c00000, 0x0000000082d00000, 0x0000000082d00000|100%|HS|  |TAMS 0x0000000082d00000, 0x0000000082c00000| Complete 
|   1|0x0000000082d00000, 0x0000000082e00000, 0x0000000082e00000|100%| O|  |TAMS 0x0000000082e00000, 0x0000000082d00000| Untracked 
|   2|0x0000000082e00000, 0x0000000082f00000, 0x0000000082f00000|100%| O|  |TAMS 0x0000000082f00000, 0x0000000082e00000| Untracked 
|   3|0x0000000082f00000, 0x0000000083000000, 0x0000000083000000|100%| O|  |TAMS 0x0000000083000000, 0x0000000082f00000| Untracked 
|   4|0x0000000083000000, 0x0000000083100000, 0x0000000083100000|100%| O|  |TAMS 0x0000000083100000, 0x0000000083000000| Untracked 
|   5|0x0000000083100000, 0x0000000083200000, 0x0000000083200000|100%| O|  |TAMS 0x0000000083200000, 0x0000000083100000| Untracked 
|   6|0x0000000083200000, 0x0000000083300000, 0x0000000083300000|100%| O|  |TAMS 0x0000000083300000, 0x0000000083200000| Untracked 
|   7|0x0000000083300000, 0x0000000083400000, 0x0000000083400000|100%| O|  |TAMS 0x0000000083400000, 0x0000000083300000| Untracked 
|   8|0x0000000083400000, 0x0000000083500000, 0x0000000083500000|100%| O|  |TAMS 0x0000000083500000, 0x0000000083400000| Untracked 
|   9|0x0000000083500000, 0x0000000083600000, 0x0000000083600000|100%| O|  |TAMS 0x0000000083600000, 0x0000000083500000| Untracked 
|  10|0x0000000083600000, 0x0000000083700000, 0x0000000083700000|100%| O|  |TAMS 0x0000000083700000, 0x0000000083600000| Untracked 
|  11|0x0000000083700000, 0x0000000083800000, 0x0000000083800000|100%| O|  |TAMS 0x0000000083800000, 0x0000000083700000| Untracked 
|  12|0x0000000083800000, 0x0000000083900000, 0x0000000083900000|100%| O|  |TAMS 0x0000000083900000, 0x0000000083800000| Untracked 
|  13|0x0000000083900000, 0x0000000083a00000, 0x0000000083a00000|100%| O|  |TAMS 0x0000000083a00000, 0x0000000083900000| Untracked 
|  14|0x0000000083a00000, 0x0000000083b00000, 0x0000000083b00000|100%| O|  |TAMS 0x0000000083b00000, 0x0000000083a00000| Untracked 
|  15|0x0000000083b00000, 0x0000000083c00000, 0x0000000083c00000|100%| O|  |TAMS 0x0000000083c00000, 0x0000000083b00000| Untracked 
|  16|0x0000000083c00000, 0x0000000083d00000, 0x0000000083d00000|100%| O|  |TAMS 0x0000000083d00000, 0x0000000083c00000| Untracked 
|  17|0x0000000083d00000, 0x0000000083e00000, 0x0000000083e00000|100%| O|  |TAMS 0x0000000083e00000, 0x0000000083d00000| Untracked 
|  18|0x0000000083e00000, 0x0000000083f00000, 0x0000000083f00000|100%| O|  |TAMS 0x0000000083f00000, 0x0000000083e00000| Untracked 
|  19|0x0000000083f00000, 0x0000000084000000, 0x0000000084000000|100%| O|  |TAMS 0x0000000084000000, 0x0000000083f00000| Untracked 
|  20|0x0000000084000000, 0x0000000084100000, 0x0000000084100000|100%| O|  |TAMS 0x0000000084100000, 0x0000000084000000| Untracked 
|  21|0x0000000084100000, 0x0000000084200000, 0x0000000084200000|100%| O|  |TAMS 0x0000000084200000, 0x0000000084100000| Untracked 
|  22|0x0000000084200000, 0x0000000084300000, 0x0000000084300000|100%| O|  |TAMS 0x0000000084300000, 0x0000000084200000| Untracked 
|  23|0x0000000084300000, 0x0000000084400000, 0x0000000084400000|100%| O|  |TAMS 0x0000000084400000, 0x0000000084300000| Untracked 
|  24|0x0000000084400000, 0x0000000084500000, 0x0000000084500000|100%| O|  |TAMS 0x0000000084500000, 0x0000000084400000| Untracked 
|  25|0x0000000084500000, 0x0000000084600000, 0x0000000084600000|100%| O|  |TAMS 0x0000000084600000, 0x0000000084500000| Untracked 
|  26|0x0000000084600000, 0x0000000084700000, 0x0000000084700000|100%| O|  |TAMS 0x0000000084700000, 0x0000000084600000| Untracked 
|  27|0x0000000084700000, 0x0000000084800000, 0x0000000084800000|100%| O|  |TAMS 0x00000000847c9200, 0x0000000084700000| Untracked 
|  28|0x0000000084800000, 0x0000000084900000, 0x0000000084900000|100%| O|  |TAMS 0x0000000084800000, 0x0000000084800000| Untracked 
|  29|0x0000000084900000, 0x0000000084a00000, 0x0000000084a00000|100%| O|  |TAMS 0x0000000084900000, 0x0000000084900000| Untracked 
|  30|0x0000000084a00000, 0x0000000084b00000, 0x0000000084b00000|100%| O|  |TAMS 0x0000000084a00000, 0x0000000084a00000| Untracked 
|  31|0x0000000084b00000, 0x0000000084b54e08, 0x0000000084c00000| 33%| O|  |TAMS 0x0000000084b00000, 0x0000000084b00000| Untracked 
|  32|0x0000000084c00000, 0x0000000084c00000, 0x0000000084d00000|  0%| F|  |TAMS 0x0000000084c00000, 0x0000000084c00000| Untracked 
|  33|0x0000000084d00000, 0x0000000084d00000, 0x0000000084e00000|  0%| F|  |TAMS 0x0000000084d00000, 0x0000000084d00000| Untracked 
|  34|0x0000000084e00000, 0x0000000084e00000, 0x0000000084f00000|  0%| F|  |TAMS 0x0000000084e00000, 0x0000000084e00000| Untracked 
|  35|0x0000000084f00000, 0x0000000084f00000, 0x0000000085000000|  0%| F|  |TAMS 0x0000000084f00000, 0x0000000084f00000| Untracked 
|  36|0x0000000085000000, 0x0000000085000000, 0x0000000085100000|  0%| F|  |TAMS 0x0000000085000000, 0x0000000085000000| Untracked 
|  37|0x0000000085100000, 0x0000000085100000, 0x0000000085200000|  0%| F|  |TAMS 0x0000000085100000, 0x0000000085100000| Untracked 
|  38|0x0000000085200000, 0x0000000085200000, 0x0000000085300000|  0%| F|  |TAMS 0x0000000085200000, 0x0000000085200000| Untracked 
|  39|0x0000000085300000, 0x0000000085300000, 0x0000000085400000|  0%| F|  |TAMS 0x0000000085300000, 0x0000000085300000| Untracked 
|  40|0x0000000085400000, 0x0000000085400000, 0x0000000085500000|  0%| F|  |TAMS 0x0000000085400000, 0x0000000085400000| Untracked 
|  41|0x0000000085500000, 0x0000000085500000, 0x0000000085600000|  0%| F|  |TAMS 0x0000000085500000, 0x0000000085500000| Untracked 
|  42|0x0000000085600000, 0x000000008567eea0, 0x0000000085700000| 49%| S|CS|TAMS 0x0000000085600000, 0x0000000085600000| Complete 
|  43|0x0000000085700000, 0x0000000085800000, 0x0000000085800000|100%| S|CS|TAMS 0x0000000085700000, 0x0000000085700000| Complete 
|  44|0x0000000085800000, 0x0000000085800000, 0x0000000085900000|  0%| F|  |TAMS 0x0000000085800000, 0x0000000085800000| Untracked 
|  45|0x0000000085900000, 0x0000000085900000, 0x0000000085a00000|  0%| F|  |TAMS 0x0000000085900000, 0x0000000085900000| Untracked 
|  46|0x0000000085a00000, 0x0000000085a00000, 0x0000000085b00000|  0%| F|  |TAMS 0x0000000085a00000, 0x0000000085a00000| Untracked 
|  47|0x0000000085b00000, 0x0000000085b00000, 0x0000000085c00000|  0%| F|  |TAMS 0x0000000085b00000, 0x0000000085b00000| Untracked 
|  48|0x0000000085c00000, 0x0000000085c00000, 0x0000000085d00000|  0%| F|  |TAMS 0x0000000085c00000, 0x0000000085c00000| Untracked 
|  49|0x0000000085d00000, 0x0000000085d00000, 0x0000000085e00000|  0%| F|  |TAMS 0x0000000085d00000, 0x0000000085d00000| Untracked 
|  50|0x0000000085e00000, 0x0000000085e00000, 0x0000000085f00000|  0%| F|  |TAMS 0x0000000085e00000, 0x0000000085e00000| Untracked 
|  51|0x0000000085f00000, 0x0000000085fa6680, 0x0000000086000000| 65%| E|  |TAMS 0x0000000085f00000, 0x0000000085f00000| Complete 
|  52|0x0000000086000000, 0x0000000086100000, 0x0000000086100000|100%| E|CS|TAMS 0x0000000086000000, 0x0000000086000000| Complete 
|  53|0x0000000086100000, 0x0000000086200000, 0x0000000086200000|100%| E|CS|TAMS 0x0000000086100000, 0x0000000086100000| Complete 
|  54|0x0000000086200000, 0x0000000086300000, 0x0000000086300000|100%| E|CS|TAMS 0x0000000086200000, 0x0000000086200000| Complete 
|  55|0x0000000086300000, 0x0000000086400000, 0x0000000086400000|100%| E|CS|TAMS 0x0000000086300000, 0x0000000086300000| Complete 
|  56|0x0000000086400000, 0x0000000086500000, 0x0000000086500000|100%| E|CS|TAMS 0x0000000086400000, 0x0000000086400000| Complete 
|  57|0x0000000086500000, 0x0000000086600000, 0x0000000086600000|100%| E|CS|TAMS 0x0000000086500000, 0x0000000086500000| Complete 
| 118|0x000000008a200000, 0x000000008a300000, 0x000000008a300000|100%| E|CS|TAMS 0x000000008a200000, 0x000000008a200000| Complete 
| 119|0x000000008a300000, 0x000000008a400000, 0x000000008a400000|100%| E|CS|TAMS 0x000000008a300000, 0x000000008a300000| Complete 
| 120|0x000000008a400000, 0x000000008a500000, 0x000000008a500000|100%| E|CS|TAMS 0x000000008a400000, 0x000000008a400000| Complete 
| 125|0x000000008a900000, 0x000000008aa00000, 0x000000008aa00000|100%| E|CS|TAMS 0x000000008a900000, 0x000000008a900000| Complete 

Card table byte_map: [0x00000260803f0000,0x00000260807e0000] _byte_map_base: 0x000002607ffda000

Marking Bits (Prev, Next): (CMBitMap*) 0x00000260edd52fd0, (CMBitMap*) 0x00000260edd52f90
 Prev Bits: [0x0000026082b20000, 0x0000026084a70000)
 Next Bits: [0x0000026080bd0000, 0x0000026082b20000)

Polling page: 0x00000260ebc60000

Metaspace:

Usage:
  Non-class:     61.50 MB used.
      Class:      9.37 MB used.
       Both:     70.87 MB used.

Virtual space:
  Non-class space:       64.00 MB reserved,      61.81 MB ( 97%) committed,  1 nodes.
      Class space:        1.00 GB reserved,       9.62 MB ( <1%) committed,  1 nodes.
             Both:        1.06 GB reserved,      71.44 MB (  7%) committed. 

Chunk freelists:
   Non-Class:  2.05 MB
       Class:  6.26 MB
        Both:  8.31 MB

MaxMetaspaceSize: unlimited
CompressedClassSpaceSize: 1.00 GB
Initial GC threshold: 21.00 MB
Current GC threshold: 114.50 MB
CDS: off
MetaspaceReclaimPolicy: balanced
 - commit_granule_bytes: 65536.
 - commit_granule_words: 8192.
 - virtual_space_node_default_size: 8388608.
 - enlarge_chunks_in_place: 1.
 - new_chunks_are_fully_committed: 0.
 - uncommit_free_chunks: 1.
 - use_allocation_guard: 0.
 - handle_deallocations: 1.


Internal statistics:

num_allocs_failed_limit: 6.
num_arena_births: 742.
num_arena_deaths: 0.
num_vsnodes_births: 2.
num_vsnodes_deaths: 0.
num_space_committed: 1143.
num_space_uncommitted: 0.
num_chunks_returned_to_freelist: 6.
num_chunks_taken_from_freelist: 3174.
num_chunk_merges: 6.
num_chunk_splits: 2282.
num_chunks_enlarged: 1771.
num_inconsistent_stats: 0.

CodeHeap 'non-profiled nmethods': size=120000Kb used=3892Kb max_used=3892Kb free=116108Kb
 bounds [0x00000260f8430000, 0x00000260f8800000, 0x00000260ff960000]
CodeHeap 'profiled nmethods': size=120000Kb used=11732Kb max_used=11732Kb free=108267Kb
 bounds [0x00000260f0960000, 0x00000260f14e0000, 0x00000260f7e90000]
CodeHeap 'non-nmethods': size=5760Kb used=1330Kb max_used=1411Kb free=4429Kb
 bounds [0x00000260f7e90000, 0x00000260f8100000, 0x00000260f8430000]
 total_blobs=7119 nmethods=6462 adapters=568
 compilation: enabled
              stopped_count=0, restarted_count=0
 full_count=0

Compilation events (20 events):
Event: 8.815 Thread 0x00000260875f9910 7288       2       org.springframework.boot.autoconfigure.condition.ConditionEvaluationReport$$Lambda$1464/0x00000001009bc000::accept (20 bytes)
Event: 8.815 Thread 0x00000260875f9910 nmethod 7288 0x00000260f14cfe10 code [0x00000260f14cffc0, 0x00000260f14d0168]
Event: 8.815 Thread 0x00000260875f9910 7289       2       org.springframework.boot.autoconfigure.condition.ConditionEvaluationReport::lambda$addNoMatchOutcomeToAncestors$1 (41 bytes)
Event: 8.815 Thread 0x00000260875f9910 nmethod 7289 0x00000260f14d0290 code [0x00000260f14d0480, 0x00000260f14d08f8]
Event: 8.815 Thread 0x00000260875f9910 7290       3       org.springframework.boot.autoconfigure.condition.ConditionEvaluationReport$$Lambda$1464/0x00000001009bc000::accept (20 bytes)
Event: 8.815 Thread 0x00000260875f9910 nmethod 7290 0x00000260f14d0b90 code [0x00000260f14d0d40, 0x00000260f14d1068]
Event: 8.816 Thread 0x00000260875f9910 7291       3       org.springframework.boot.autoconfigure.condition.ConditionEvaluationReport::lambda$addNoMatchOutcomeToAncestors$1 (41 bytes)
Event: 8.816 Thread 0x00000260875f9910 nmethod 7291 0x00000260f14d1190 code [0x00000260f14d13e0, 0x00000260f14d1cb8]
Event: 8.817 Thread 0x00000260875f9910 7292       1       org.springframework.boot.autoconfigure.condition.ConditionEvaluationReport$ConditionAndOutcome::getOutcome (5 bytes)
Event: 8.817 Thread 0x00000260875f9910 nmethod 7292 0x00000260f87f2290 code [0x00000260f87f2420, 0x00000260f87f24f8]
Event: 8.818 Thread 0x00000260875f9910 7294       2       java.util.TreeMap::forEach (58 bytes)
Event: 8.819 Thread 0x00000260875f9910 nmethod 7294 0x00000260f14d2090 code [0x00000260f14d2280, 0x00000260f14d2658]
Event: 8.820 Thread 0x00000260875f9910 7297 %     3       java.util.TreeMap::forEach @ 15 (58 bytes)
Event: 8.820 Thread 0x00000260875f9910 nmethod 7297% 0x00000260f14d2890 code [0x00000260f14d2aa0, 0x00000260f14d31b8]
Event: 8.820 Thread 0x00000260875f9910 7298       2       org.springframework.boot.autoconfigure.condition.ConditionEvaluationReport$$Lambda$1463/0x00000001009b7c40::accept (16 bytes)
Event: 8.821 Thread 0x00000260875f9910 nmethod 7298 0x00000260f14d3490 code [0x00000260f14d3700, 0x00000260f14d3dd8]
Event: 8.821 Thread 0x00000260875f9910 7299       2       org.springframework.boot.autoconfigure.condition.ConditionEvaluationReport::lambda$getConditionAndOutcomesBySource$0 (13 bytes)
Event: 8.821 Thread 0x00000260875f9910 nmethod 7299 0x00000260f14d4310 code [0x00000260f14d4580, 0x00000260f14d4bd8]
Event: 8.828 Thread 0x00000260875f9910 7300   !   3       org.springframework.util.ConcurrentReferenceHashMap$Segment::doTask (179 bytes)
Event: 8.829 Thread 0x00000260875f9910 nmethod 7300 0x00000260f14d5090 code [0x00000260f14d5440, 0x00000260f14d6d48]

GC Heap History (20 events):
Event: 5.146 GC heap before
{Heap before GC invocations=16 (full 0):
 garbage-first heap   total 52224K, used 39522K [0x0000000082c00000, 0x0000000100000000)
  region size 1024K, 19 young (19456K), 3 survivors (3072K)
 Metaspace       used 52120K, committed 52608K, reserved 1114112K
  class space    used 6585K, committed 6784K, reserved 1048576K
}
Event: 5.150 GC heap after
{Heap after GC invocations=17 (full 0):
 garbage-first heap   total 52224K, used 24549K [0x0000000082c00000, 0x0000000100000000)
  region size 1024K, 3 young (3072K), 3 survivors (3072K)
 Metaspace       used 52120K, committed 52608K, reserved 1114112K
  class space    used 6585K, committed 6784K, reserved 1048576K
}
Event: 5.499 GC heap before
{Heap before GC invocations=17 (full 0):
 garbage-first heap   total 52224K, used 39909K [0x0000000082c00000, 0x0000000100000000)
  region size 1024K, 19 young (19456K), 3 survivors (3072K)
 Metaspace       used 57140K, committed 57600K, reserved 1114112K
  class space    used 7461K, committed 7680K, reserved 1048576K
}
Event: 5.501 GC heap after
{Heap after GC invocations=18 (full 0):
 garbage-first heap   total 52224K, used 25207K [0x0000000082c00000, 0x0000000100000000)
  region size 1024K, 3 young (3072K), 3 survivors (3072K)
 Metaspace       used 57140K, committed 57600K, reserved 1114112K
  class space    used 7461K, committed 7680K, reserved 1048576K
}
Event: 5.680 GC heap before
{Heap before GC invocations=18 (full 0):
 garbage-first heap   total 52224K, used 40567K [0x0000000082c00000, 0x0000000100000000)
  region size 1024K, 18 young (18432K), 3 survivors (3072K)
 Metaspace       used 58159K, committed 58624K, reserved 1114112K
  class space    used 7589K, committed 7808K, reserved 1048576K
}
Event: 5.683 GC heap after
{Heap after GC invocations=19 (full 0):
 garbage-first heap   total 52224K, used 25685K [0x0000000082c00000, 0x0000000100000000)
  region size 1024K, 2 young (2048K), 2 survivors (2048K)
 Metaspace       used 58159K, committed 58624K, reserved 1114112K
  class space    used 7589K, committed 7808K, reserved 1048576K
}
Event: 5.895 GC heap before
{Heap before GC invocations=20 (full 0):
 garbage-first heap   total 52224K, used 41045K [0x0000000082c00000, 0x0000000100000000)
  region size 1024K, 18 young (18432K), 2 survivors (2048K)
 Metaspace       used 59823K, committed 60288K, reserved 1114112K
  class space    used 7853K, committed 8064K, reserved 1048576K
}
Event: 5.897 GC heap after
{Heap after GC invocations=21 (full 0):
 garbage-first heap   total 52224K, used 26018K [0x0000000082c00000, 0x0000000100000000)
  region size 1024K, 2 young (2048K), 2 survivors (2048K)
 Metaspace       used 59823K, committed 60288K, reserved 1114112K
  class space    used 7853K, committed 8064K, reserved 1048576K
}
Event: 7.337 GC heap before
{Heap before GC invocations=21 (full 0):
 garbage-first heap   total 52224K, used 41378K [0x0000000082c00000, 0x0000000100000000)
  region size 1024K, 18 young (18432K), 2 survivors (2048K)
 Metaspace       used 63138K, committed 63680K, reserved 1114112K
  class space    used 8300K, committed 8576K, reserved 1048576K
}
Event: 7.340 GC heap after
{Heap after GC invocations=22 (full 0):
 garbage-first heap   total 52224K, used 27654K [0x0000000082c00000, 0x0000000100000000)
  region size 1024K, 3 young (3072K), 3 survivors (3072K)
 Metaspace       used 63138K, committed 63680K, reserved 1114112K
  class space    used 8300K, committed 8576K, reserved 1048576K
}
Event: 7.536 GC heap before
{Heap before GC invocations=23 (full 0):
 garbage-first heap   total 52224K, used 40966K [0x0000000082c00000, 0x0000000100000000)
  region size 1024K, 16 young (16384K), 3 survivors (3072K)
 Metaspace       used 64843K, committed 65408K, reserved 1114112K
  class space    used 8572K, committed 8832K, reserved 1048576K
}
Event: 7.539 GC heap after
{Heap after GC invocations=24 (full 0):
 garbage-first heap   total 63488K, used 28750K [0x0000000082c00000, 0x0000000100000000)
  region size 1024K, 2 young (2048K), 2 survivors (2048K)
 Metaspace       used 64843K, committed 65408K, reserved 1114112K
  class space    used 8572K, committed 8832K, reserved 1048576K
}
Event: 7.774 GC heap before
{Heap before GC invocations=24 (full 0):
 garbage-first heap   total 63488K, used 51278K [0x0000000082c00000, 0x0000000100000000)
  region size 1024K, 24 young (24576K), 2 survivors (2048K)
 Metaspace       used 66052K, committed 66624K, reserved 1114112K
  class space    used 8709K, committed 8960K, reserved 1048576K
}
Event: 7.776 GC heap after
{Heap after GC invocations=25 (full 0):
 garbage-first heap   total 63488K, used 29870K [0x0000000082c00000, 0x0000000100000000)
  region size 1024K, 3 young (3072K), 3 survivors (3072K)
 Metaspace       used 66052K, committed 66624K, reserved 1114112K
  class space    used 8709K, committed 8960K, reserved 1048576K
}
Event: 7.926 GC heap before
{Heap before GC invocations=25 (full 0):
 garbage-first heap   total 63488K, used 51374K [0x0000000082c00000, 0x0000000100000000)
  region size 1024K, 24 young (24576K), 3 survivors (3072K)
 Metaspace       used 66590K, committed 67136K, reserved 1114112K
  class space    used 8764K, committed 9024K, reserved 1048576K
}
Event: 7.929 GC heap after
{Heap after GC invocations=26 (full 0):
 garbage-first heap   total 63488K, used 30575K [0x0000000082c00000, 0x0000000100000000)
  region size 1024K, 3 young (3072K), 3 survivors (3072K)
 Metaspace       used 66590K, committed 67136K, reserved 1114112K
  class space    used 8764K, committed 9024K, reserved 1048576K
}
Event: 8.311 GC heap before
{Heap before GC invocations=26 (full 0):
 garbage-first heap   total 63488K, used 51055K [0x0000000082c00000, 0x0000000100000000)
  region size 1024K, 23 young (23552K), 3 survivors (3072K)
 Metaspace       used 69642K, committed 70208K, reserved 1114112K
  class space    used 9191K, committed 9408K, reserved 1048576K
}
Event: 8.314 GC heap after
{Heap after GC invocations=27 (full 0):
 garbage-first heap   total 63488K, used 32240K [0x0000000082c00000, 0x0000000100000000)
  region size 1024K, 3 young (3072K), 3 survivors (3072K)
 Metaspace       used 69642K, committed 70208K, reserved 1114112K
  class space    used 9191K, committed 9408K, reserved 1048576K
}
Event: 8.609 GC heap before
{Heap before GC invocations=28 (full 0):
 garbage-first heap   total 63488K, used 50672K [0x0000000082c00000, 0x0000000100000000)
  region size 1024K, 21 young (21504K), 3 survivors (3072K)
 Metaspace       used 71481K, committed 72000K, reserved 1114112K
  class space    used 9429K, committed 9664K, reserved 1048576K
}
Event: 8.613 GC heap after
{Heap after GC invocations=29 (full 0):
 garbage-first heap   total 63488K, used 33615K [0x0000000082c00000, 0x0000000100000000)
  region size 1024K, 2 young (2048K), 2 survivors (2048K)
 Metaspace       used 71481K, committed 72000K, reserved 1114112K
  class space    used 9429K, committed 9664K, reserved 1048576K
}

Dll operation events (9 events):
Event: 0.007 Loaded shared library C:\Users\aroda\.vscode\extensions\redhat.java-1.21.0-win32-x64\jre\17.0.7-win32-x86_64\bin\java.dll
Event: 0.130 Loaded shared library C:\Users\aroda\.vscode\extensions\redhat.java-1.21.0-win32-x64\jre\17.0.7-win32-x86_64\bin\net.dll
Event: 0.131 Loaded shared library C:\Users\aroda\.vscode\extensions\redhat.java-1.21.0-win32-x64\jre\17.0.7-win32-x86_64\bin\nio.dll
Event: 0.135 Loaded shared library C:\Users\aroda\.vscode\extensions\redhat.java-1.21.0-win32-x64\jre\17.0.7-win32-x86_64\bin\zip.dll
Event: 0.246 Loaded shared library C:\Users\aroda\.vscode\extensions\redhat.java-1.21.0-win32-x64\jre\17.0.7-win32-x86_64\bin\jimage.dll
Event: 0.517 Loaded shared library C:\Users\aroda\.vscode\extensions\redhat.java-1.21.0-win32-x64\jre\17.0.7-win32-x86_64\bin\management.dll
Event: 0.520 Loaded shared library C:\Users\aroda\.vscode\extensions\redhat.java-1.21.0-win32-x64\jre\17.0.7-win32-x86_64\bin\management_ext.dll
Event: 3.509 Loaded shared library C:\Users\aroda\.vscode\extensions\redhat.java-1.21.0-win32-x64\jre\17.0.7-win32-x86_64\bin\sunmscapi.dll
Event: 4.450 Loaded shared library C:\Users\aroda\.vscode\extensions\redhat.java-1.21.0-win32-x64\jre\17.0.7-win32-x86_64\bin\verify.dll

Deoptimization events (20 events):
Event: 8.295 Thread 0x000002608d170360 DEOPT PACKING pc=0x00000260f84418d0 sp=0x000000a324afcc60
Event: 8.296 Thread 0x000002608d170360 DEOPT UNPACKING pc=0x00000260f7ee69a3 sp=0x000000a324afcbf0 mode 2
Event: 8.440 Thread 0x000002608d170360 Uncommon trap: trap_request=0xffffff45 fr.pc=0x00000260f85dfb00 relative=0x0000000000000da0
Event: 8.440 Thread 0x000002608d170360 Uncommon trap: reason=unstable_if action=reinterpret pc=0x00000260f85dfb00 method=sun.reflect.annotation.AnnotationInvocationHandler.invoke(Ljava/lang/Object;Ljava/lang/reflect/Method;[Ljava/lang/Object;)Ljava/lang/Object; @ 76 c2
Event: 8.440 Thread 0x000002608d170360 DEOPT PACKING pc=0x00000260f85dfb00 sp=0x000000a324afb130
Event: 8.440 Thread 0x000002608d170360 DEOPT UNPACKING pc=0x00000260f7ee69a3 sp=0x000000a324afb0f0 mode 2
Event: 8.570 Thread 0x000002608d170360 Uncommon trap: trap_request=0xfffffff4 fr.pc=0x00000260f8598ac8 relative=0x0000000000000228
Event: 8.570 Thread 0x000002608d170360 Uncommon trap: reason=null_check action=make_not_entrant pc=0x00000260f8598ac8 method=org.springframework.util.ClassUtils.isAssignable(Ljava/lang/Class;Ljava/lang/Class;)Z @ 14 c2
Event: 8.570 Thread 0x000002608d170360 DEOPT PACKING pc=0x00000260f8598ac8 sp=0x000000a324afdb10
Event: 8.570 Thread 0x000002608d170360 DEOPT UNPACKING pc=0x00000260f7ee69a3 sp=0x000000a324afdaa0 mode 2
Event: 8.730 Thread 0x00000260904519e0 Uncommon trap: trap_request=0xffffff45 fr.pc=0x00000260f868b0b0 relative=0x00000000000020d0
Event: 8.730 Thread 0x00000260904519e0 Uncommon trap: reason=unstable_if action=reinterpret pc=0x00000260f868b0b0 method=java.net.URL.<init>(Ljava/net/URL;Ljava/lang/String;Ljava/net/URLStreamHandler;)V @ 57 c2
Event: 8.730 Thread 0x00000260904519e0 DEOPT PACKING pc=0x00000260f868b0b0 sp=0x000000a3248fe9d0
Event: 8.730 Thread 0x00000260904519e0 DEOPT UNPACKING pc=0x00000260f7ee69a3 sp=0x000000a3248fe990 mode 2
Event: 8.761 Thread 0x000002608d170360 DEOPT PACKING pc=0x00000260f116b96d sp=0x000000a324afe070
Event: 8.761 Thread 0x000002608d170360 DEOPT UNPACKING pc=0x00000260f7ee7143 sp=0x000000a324afd530 mode 0
Event: 8.825 Thread 0x000002608d170360 Uncommon trap: trap_request=0xffffff54 fr.pc=0x00000260f84c3a08 relative=0x0000000000000248
Event: 8.825 Thread 0x000002608d170360 Uncommon trap: reason=speculate_null_assert action=make_not_entrant pc=0x00000260f84c3a08 method=org.springframework.util.ConcurrentReferenceHashMap$Segment.restructureIfNecessary(Z)V @ 41 c2
Event: 8.825 Thread 0x000002608d170360 DEOPT PACKING pc=0x00000260f84c3a08 sp=0x000000a324afe2d0
Event: 8.825 Thread 0x000002608d170360 DEOPT UNPACKING pc=0x00000260f7ee69a3 sp=0x000000a324afe2a8 mode 2

Classes unloaded (0 events):
No events

Classes redefined (0 events):
No events

Internal exceptions (20 events):
Event: 7.319 Thread 0x000002608d170360 Exception <a 'java/lang/IncompatibleClassChangeError'{0x0000000084f020a8}: Found class java.lang.Object, but interface was expected> (0x0000000084f020a8) 
thrown [s\src\hotspot\share\interpreter\linkResolver.cpp, line 826]
Event: 7.457 Thread 0x000002608d170360 Exception <a 'java/lang/IncompatibleClassChangeError'{0x00000000859db938}: Found class java.lang.Object, but interface was expected> (0x00000000859db938) 
thrown [s\src\hotspot\share\interpreter\linkResolver.cpp, line 826]
Event: 7.526 Thread 0x000002608d170360 Exception <a 'java/lang/reflect/InvocationTargetException'{0x0000000085289760}> (0x0000000085289760) 
thrown [s\src\hotspot\share\runtime\reflection.cpp, line 1121]
Event: 7.534 Thread 0x000002608d170360 Exception <a 'java/lang/NoSuchMethodError'{0x00000000852e8bc0}: 'int java.lang.invoke.DirectMethodHandle$Holder.invokeStatic(java.lang.Object, java.lang.Object, int)'> (0x00000000852e8bc0) 
thrown [s\src\hotspot\share\interpreter\linkResolver.cpp, line 759]
Event: 7.539 Thread 0x000002608d170360 Exception <a 'java/lang/NoSuchMethodError'{0x000000008a9060a8}: 'java.lang.Object java.lang.invoke.DirectMethodHandle$Holder.newInvokeSpecial(java.lang.Object, java.lang.Object, int)'> (0x000000008a9060a8) 
thrown [s\src\hotspot\share\interpreter\linkResolver.cpp, line 759]
Event: 7.543 Thread 0x000002608d170360 Exception <a 'java/lang/NoSuchMethodError'{0x000000008a923f18}: 'java.lang.Object java.lang.invoke.Invokers$Holder.invoke_MT(java.lang.Object, java.lang.Object, java.lang.Object, java.lang.Object, java.lang.Object, java.lang.Object, java.lang.Object, java.lang.Object, java.lang.Object)'> (0x000000008a923f18) 
thrown [s\src\hotspot\share\interpreter\linkResolver.cpp, line 759]
Event: 7.546 Thread 0x000002608d170360 Exception <a 'java/lang/IncompatibleClassChangeError'{0x000000008a94c920}: Found class java.lang.Object, but interface was expected> (0x000000008a94c920) 
thrown [s\src\hotspot\share\interpreter\linkResolver.cpp, line 826]
Event: 7.627 Thread 0x000002608d170360 Exception <a 'java/lang/reflect/InvocationTargetException'{0x00000000862e37b8}> (0x00000000862e37b8) 
thrown [s\src\hotspot\share\runtime\reflection.cpp, line 1121]
Event: 7.712 Thread 0x000002608d170360 Exception <a 'java/lang/reflect/InvocationTargetException'{0x00000000859964d8}> (0x00000000859964d8) 
thrown [s\src\hotspot\share\runtime\reflection.cpp, line 1121]
Event: 7.855 Thread 0x000002608d170360 Exception <a 'java/lang/reflect/InvocationTargetException'{0x0000000085de1830}> (0x0000000085de1830) 
thrown [s\src\hotspot\share\runtime\reflection.cpp, line 1121]
Event: 7.895 Thread 0x000002608d170360 Implicit null exception at 0x00000260f85ecb6c to 0x00000260f85ecc10
Event: 7.895 Thread 0x000002608d170360 Implicit null exception at 0x00000260f85ecb6c to 0x00000260f85ecc10
Event: 8.056 Thread 0x000002608d170360 Exception <a 'sun/nio/fs/WindowsException'{0x000000008614d7c8}> (0x000000008614d7c8) 
thrown [s\src\hotspot\share\prims\jni.cpp, line 516]
Event: 8.072 Thread 0x000002608d170360 Implicit null exception at 0x00000260f8560bc6 to 0x00000260f8560fbf
Event: 8.239 Thread 0x000002608d170360 Exception <a 'java/lang/IncompatibleClassChangeError'{0x00000000859d8ad0}: Found class java.lang.Object, but interface was expected> (0x00000000859d8ad0) 
thrown [s\src\hotspot\share\interpreter\linkResolver.cpp, line 826]
Event: 8.570 Thread 0x000002608d170360 Implicit null exception at 0x00000260f85988c0 to 0x00000260f8598ab4
Event: 8.770 Thread 0x000002608d170360 Exception <a 'java/lang/NoSuchMethodError'{0x000000008622fc30}: 'java.lang.Object java.lang.invoke.DirectMethodHandle$Holder.newInvokeSpecial(java.lang.Object, java.lang.Object, int, java.lang.Object, java.lang.Object)'> (0x000000008622fc30) 
thrown [s\src\hotspot\share\interpreter\linkResolver.cpp, line 759]
Event: 8.771 Thread 0x000002608d170360 Exception <a 'java/lang/NoSuchMethodError'{0x000000008623b1b0}: 'java.lang.Object java.lang.invoke.DirectMethodHandle$Holder.invokeSpecial(java.lang.Object, java.lang.Object, int, java.lang.Object, int, java.lang.Object)'> (0x000000008623b1b0) 
thrown [s\src\hotspot\share\interpreter\linkResolver.cpp, line 759]
Event: 8.772 Thread 0x000002608d170360 Exception <a 'java/lang/NoSuchMethodError'{0x0000000086243260}: 'java.lang.Object java.lang.invoke.DirectMethodHandle$Holder.newInvokeSpecial(java.lang.Object, java.lang.Object, int, java.lang.Object, int)'> (0x0000000086243260) 
thrown [s\src\hotspot\share\interpreter\linkResolver.cpp, line 759]
Event: 8.772 Thread 0x000002608d170360 Exception <a 'java/lang/NoSuchMethodError'{0x0000000086247360}: 'java.lang.Object java.lang.invoke.DirectMethodHandle$Holder.invokeSpecial(java.lang.Object, java.lang.Object, java.lang.Object, int, java.lang.Object, int)'> (0x0000000086247360) 
thrown [s\src\hotspot\share\interpreter\linkResolver.cpp, line 759]

VM Operations (20 events):
Event: 8.174 Executing VM operation: HandshakeAllThreads
Event: 8.174 Executing VM operation: HandshakeAllThreads done
Event: 8.202 Executing VM operation: HandshakeAllThreads
Event: 8.202 Executing VM operation: HandshakeAllThreads done
Event: 8.202 Executing VM operation: HandshakeAllThreads
Event: 8.202 Executing VM operation: HandshakeAllThreads done
Event: 8.248 Executing VM operation: HandshakeAllThreads
Event: 8.248 Executing VM operation: HandshakeAllThreads done
Event: 8.311 Executing VM operation: G1CollectForAllocation
Event: 8.314 Executing VM operation: G1CollectForAllocation done
Event: 8.339 Executing VM operation: G1Concurrent
Event: 8.343 Executing VM operation: G1Concurrent done
Event: 8.354 Executing VM operation: G1Concurrent
Event: 8.354 Executing VM operation: G1Concurrent done
Event: 8.378 Executing VM operation: HandshakeAllThreads
Event: 8.378 Executing VM operation: HandshakeAllThreads done
Event: 8.609 Executing VM operation: G1CollectForAllocation
Event: 8.613 Executing VM operation: G1CollectForAllocation done
Event: 8.825 Executing VM operation: HandshakeAllThreads
Event: 8.825 Executing VM operation: HandshakeAllThreads done

Events (20 events):
Event: 8.829 loading class java/beans/WeakIdentityMap$Entry done
Event: 8.829 loading class com/sun/beans/introspect/ClassInfo
Event: 8.829 loading class com/sun/beans/introspect/ClassInfo done
Event: 8.829 loading class com/sun/beans/introspect/ClassInfo$1
Event: 8.829 loading class com/sun/beans/util/Cache
Event: 8.829 loading class com/sun/beans/util/Cache done
Event: 8.829 loading class com/sun/beans/introspect/ClassInfo$1 done
Event: 8.829 loading class com/sun/beans/util/Cache$Kind
Event: 8.829 loading class com/sun/beans/util/Cache$Kind done
Event: 8.829 loading class com/sun/beans/util/Cache$Kind$1
Event: 8.829 loading class com/sun/beans/util/Cache$Kind$1 done
Event: 8.829 loading class com/sun/beans/util/Cache$Kind$2
Event: 8.829 loading class com/sun/beans/util/Cache$Kind$2 done
Event: 8.829 loading class com/sun/beans/util/Cache$Kind$3
Event: 8.829 loading class com/sun/beans/util/Cache$Kind$3 done
Event: 8.829 loading class com/sun/beans/util/Cache$CacheEntry
Event: 8.830 loading class com/sun/beans/util/Cache$CacheEntry done
Event: 8.830 Thread 0x000002608c301aa0 Thread exited: 0x000002608c301aa0
Event: 8.830 Thread 0x00000260edcf0310 Thread exited: 0x00000260edcf0310
Event: 8.830 Thread 0x0000026091ec52d0 Thread added: 0x0000026091ec52d0


Dynamic libraries:
0x00007ff750bf0000 - 0x00007ff750bfe000 	C:\Users\aroda\.vscode\extensions\redhat.java-1.21.0-win32-x64\jre\17.0.7-win32-x86_64\bin\java.exe
0x00007ff821990000 - 0x00007ff821ba4000 	C:\Windows\SYSTEM32\ntdll.dll
0x00007ff821020000 - 0x00007ff8210e4000 	C:\Windows\System32\KERNEL32.DLL
0x00007ff81f250000 - 0x00007ff81f5f4000 	C:\Windows\System32\KERNELBASE.dll
0x00007ff81f630000 - 0x00007ff81f741000 	C:\Windows\System32\ucrtbase.dll
0x00007fffdc390000 - 0x00007fffdc3a7000 	C:\Users\aroda\.vscode\extensions\redhat.java-1.21.0-win32-x64\jre\17.0.7-win32-x86_64\bin\jli.dll
0x00007fffddbd0000 - 0x00007fffddbe9000 	C:\Users\aroda\.vscode\extensions\redhat.java-1.21.0-win32-x64\jre\17.0.7-win32-x86_64\bin\VCRUNTIME140.dll
0x00007ff8216a0000 - 0x00007ff82184a000 	C:\Windows\System32\USER32.dll
0x00007ff81f600000 - 0x00007ff81f626000 	C:\Windows\System32\win32u.dll
0x00007ff8204b0000 - 0x00007ff8204d9000 	C:\Windows\System32\GDI32.dll
0x00007ff807750000 - 0x00007ff8079df000 	C:\Windows\WinSxS\amd64_microsoft.windows.common-controls_6595b64144ccf1df_6.0.22621.2070_none_2713e6537381f706\COMCTL32.dll
0x00007ff81ee80000 - 0x00007ff81ef99000 	C:\Windows\System32\gdi32full.dll
0x00007ff820f60000 - 0x00007ff821007000 	C:\Windows\System32\msvcrt.dll
0x00007ff81ede0000 - 0x00007ff81ee7a000 	C:\Windows\System32\msvcp_win.dll
0x00007ff8210f0000 - 0x00007ff821121000 	C:\Windows\System32\IMM32.DLL
0x00007ff800040000 - 0x00007ff80004c000 	C:\Users\aroda\.vscode\extensions\redhat.java-1.21.0-win32-x64\jre\17.0.7-win32-x86_64\bin\vcruntime140_1.dll
0x00007fffb05a0000 - 0x00007fffb0631000 	C:\Users\aroda\.vscode\extensions\redhat.java-1.21.0-win32-x64\jre\17.0.7-win32-x86_64\bin\msvcp140.dll
0x00007fff79ec0000 - 0x00007fff7ab08000 	C:\Users\aroda\.vscode\extensions\redhat.java-1.21.0-win32-x64\jre\17.0.7-win32-x86_64\bin\server\jvm.dll
0x00007ff821130000 - 0x00007ff8211e0000 	C:\Windows\System32\ADVAPI32.dll
0x00007ff8211e0000 - 0x00007ff821286000 	C:\Windows\System32\sechost.dll
0x00007ff81f7b0000 - 0x00007ff81f8c7000 	C:\Windows\System32\RPCRT4.dll
0x00007ff81c110000 - 0x00007ff81c119000 	C:\Windows\SYSTEM32\WSOCK32.dll
0x00007ff80b960000 - 0x00007ff80b994000 	C:\Windows\SYSTEM32\WINMM.dll
0x00007ff8193f0000 - 0x00007ff8193fa000 	C:\Windows\SYSTEM32\VERSION.dll
0x00007ff820d10000 - 0x00007ff820d81000 	C:\Windows\System32\WS2_32.dll
0x00007ff81dd20000 - 0x00007ff81dd38000 	C:\Windows\SYSTEM32\kernel.appcore.dll
0x00007ffffa110000 - 0x00007ffffa11a000 	C:\Users\aroda\.vscode\extensions\redhat.java-1.21.0-win32-x64\jre\17.0.7-win32-x86_64\bin\jimage.dll
0x00007ff809c20000 - 0x00007ff809e4e000 	C:\Windows\SYSTEM32\DBGHELP.DLL
0x00007ff820110000 - 0x00007ff82049a000 	C:\Windows\System32\combase.dll
0x00007ff8214f0000 - 0x00007ff8215c7000 	C:\Windows\System32\OLEAUT32.dll
0x00007ff802c80000 - 0x00007ff802cb2000 	C:\Windows\SYSTEM32\dbgcore.DLL
0x00007ff81efa0000 - 0x00007ff81f01a000 	C:\Windows\System32\bcryptPrimitives.dll
0x00007fffb5d20000 - 0x00007fffb5d45000 	C:\Users\aroda\.vscode\extensions\redhat.java-1.21.0-win32-x64\jre\17.0.7-win32-x86_64\bin\java.dll
0x00007fffce3e0000 - 0x00007fffce3f8000 	C:\Users\aroda\.vscode\extensions\redhat.java-1.21.0-win32-x64\jre\17.0.7-win32-x86_64\bin\zip.dll
0x00007ff81f8f0000 - 0x00007ff820106000 	C:\Windows\System32\SHELL32.dll
0x00007ff81ccf0000 - 0x00007ff81d5da000 	C:\Windows\SYSTEM32\windows.storage.dll
0x00007ff81cbb0000 - 0x00007ff81ccee000 	C:\Windows\SYSTEM32\wintypes.dll
0x00007ff821850000 - 0x00007ff821943000 	C:\Windows\System32\SHCORE.dll
0x00007ff81f750000 - 0x00007ff81f7ae000 	C:\Windows\System32\shlwapi.dll
0x00007ff81eca0000 - 0x00007ff81ecc6000 	C:\Windows\SYSTEM32\profapi.dll
0x00007fffcbda0000 - 0x00007fffcbdb9000 	C:\Users\aroda\.vscode\extensions\redhat.java-1.21.0-win32-x64\jre\17.0.7-win32-x86_64\bin\net.dll
0x00007ff818fb0000 - 0x00007ff8190e7000 	C:\Windows\SYSTEM32\WINHTTP.dll
0x00007ff81e1e0000 - 0x00007ff81e249000 	C:\Windows\system32\mswsock.dll
0x00007fffcbb10000 - 0x00007fffcbb25000 	C:\Users\aroda\.vscode\extensions\redhat.java-1.21.0-win32-x64\jre\17.0.7-win32-x86_64\bin\nio.dll
0x00007ff803ff0000 - 0x00007ff803ff9000 	C:\Users\aroda\.vscode\extensions\redhat.java-1.21.0-win32-x64\jre\17.0.7-win32-x86_64\bin\management.dll
0x00007ff803ac0000 - 0x00007ff803acb000 	C:\Users\aroda\.vscode\extensions\redhat.java-1.21.0-win32-x64\jre\17.0.7-win32-x86_64\bin\management_ext.dll
0x00007ff8204a0000 - 0x00007ff8204a8000 	C:\Windows\System32\PSAPI.DLL
0x00007ff81e500000 - 0x00007ff81e51b000 	C:\Windows\SYSTEM32\CRYPTSP.dll
0x00007ff81dce0000 - 0x00007ff81dd15000 	C:\Windows\system32\rsaenh.dll
0x00007ff81e280000 - 0x00007ff81e2ac000 	C:\Windows\SYSTEM32\USERENV.dll
0x00007ff81e620000 - 0x00007ff81e648000 	C:\Windows\SYSTEM32\bcrypt.dll
0x00007ff81e4e0000 - 0x00007ff81e4ec000 	C:\Windows\SYSTEM32\CRYPTBASE.dll
0x00007ff81d840000 - 0x00007ff81d86d000 	C:\Windows\SYSTEM32\IPHLPAPI.DLL
0x00007ff821010000 - 0x00007ff821019000 	C:\Windows\System32\NSI.dll
0x00007ff818e50000 - 0x00007ff818e69000 	C:\Windows\SYSTEM32\dhcpcsvc6.DLL
0x00007ff818e30000 - 0x00007ff818e4f000 	C:\Windows\SYSTEM32\dhcpcsvc.DLL
0x00007ff81d8b0000 - 0x00007ff81d9a3000 	C:\Windows\SYSTEM32\DNSAPI.dll
0x00007ff803a90000 - 0x00007ff803a9e000 	C:\Users\aroda\.vscode\extensions\redhat.java-1.21.0-win32-x64\jre\17.0.7-win32-x86_64\bin\sunmscapi.dll
0x00007ff81f0e0000 - 0x00007ff81f247000 	C:\Windows\System32\CRYPT32.dll
0x00007ff81e5f0000 - 0x00007ff81e61e000 	C:\Windows\SYSTEM32\ncrypt.dll
0x00007ff81e5b0000 - 0x00007ff81e5e7000 	C:\Windows\SYSTEM32\NTASN1.dll
0x00007ff817850000 - 0x00007ff81785a000 	C:\Windows\System32\rasadhlp.dll
0x00007ff817c60000 - 0x00007ff817ce4000 	C:\Windows\System32\fwpuclnt.dll
0x00007ffff9ee0000 - 0x00007ffff9ef0000 	C:\Users\aroda\.vscode\extensions\redhat.java-1.21.0-win32-x64\jre\17.0.7-win32-x86_64\bin\verify.dll
0x00007ff817820000 - 0x00007ff817828000 	C:\Windows\system32\wshunix.dll

dbghelp: loaded successfully - version: 4.0.5 - missing functions: none
symbol engine: initialized successfully - sym options: 0x614 - pdb path: .;C:\Users\aroda\.vscode\extensions\redhat.java-1.21.0-win32-x64\jre\17.0.7-win32-x86_64\bin;C:\Windows\SYSTEM32;C:\Windows\WinSxS\amd64_microsoft.windows.common-controls_6595b64144ccf1df_6.0.22621.2070_none_2713e6537381f706;C:\Users\aroda\.vscode\extensions\redhat.java-1.21.0-win32-x64\jre\17.0.7-win32-x86_64\bin\server

VM Arguments:
jvm_args: -XX:+ShowCodeDetailsInExceptionMessages 
java_command: pe.edu.upeu.asistencia.SysAsistenciaAnApplication
java_class_path (initial): C:\UPeU\ciclo 06\moviles\Moviles2023-2\SysAsistenciaAn\target\classes;C:\Users\aroda\.m2\repository\org\springframework\boot\spring-boot-starter-data-jpa\3.1.1\spring-boot-starter-data-jpa-3.1.1.jar;C:\Users\aroda\.m2\repository\org\springframework\boot\spring-boot-starter-aop\3.1.1\spring-boot-starter-aop-3.1.1.jar;C:\Users\aroda\.m2\repository\org\aspectj\aspectjweaver\1.9.19\aspectjweaver-1.9.19.jar;C:\Users\aroda\.m2\repository\org\springframework\boot\spring-boot-starter-jdbc\3.1.1\spring-boot-starter-jdbc-3.1.1.jar;C:\Users\aroda\.m2\repository\com\zaxxer\HikariCP\5.0.1\HikariCP-5.0.1.jar;C:\Users\aroda\.m2\repository\org\springframework\spring-jdbc\6.0.10\spring-jdbc-6.0.10.jar;C:\Users\aroda\.m2\repository\org\hibernate\orm\hibernate-core\6.2.5.Final\hibernate-core-6.2.5.Final.jar;C:\Users\aroda\.m2\repository\jakarta\persistence\jakarta.persistence-api\3.1.0\jakarta.persistence-api-3.1.0.jar;C:\Users\aroda\.m2\repository\jakarta\transaction\jakarta.transaction-api\2.0.1\jakarta.transaction-api-2.0.1.jar;C:\Users\aroda\.m2\repository\org\jboss\logging\jboss-logging\3.5.1.Final\jboss-logging-3.5.1.Final.jar;C:\Users\aroda\.m2\repository\org\hibernate\common\hibernate-commons-annotations\6.0.6.Final\hibernate-commons-annotations-6.0.6.Final.jar;C:\Users\aroda\.m2\repository\io\smallrye\jandex\3.0.5\jandex-3.0.5.jar;C:\Users\aroda\.m2\repository\com\fasterxml\classmate\1.5.1\classmate-1.5.1.jar;C:\Users\aroda\.m2\repository\net\bytebuddy\byte-buddy\1.14.5\byte-buddy-1.14.5.jar;C:\Users\aroda\.m2\repository\org\glassfish\jaxb\jaxb-runtime\4.0.3\jaxb-runtime-4.0.3.jar;C:\Users\aroda\.m2\repository\org\glassfish\jaxb\jaxb-core\4.0.3\jaxb-core-4.0.3.jar;C:\Users\aroda\.m2\repository\org\eclipse\angus\angus-activation\2.0.1\angus-activation-2.0.1.jar;C:\Users\aroda\.m2\repository\org\glassfish\jaxb\txw2\4.0.3\txw2-4.0.3.jar;C:\Users\aroda\.m2\repository\com\sun\istack\istack-commons-runtime\4.1.2\istack-commons-runtime-4.1.2.jar;C:\Users
Launcher Type: SUN_STANDARD

[Global flags]
     intx CICompilerCount                          = 4                                         {product} {ergonomic}
     uint ConcGCThreads                            = 3                                         {product} {ergonomic}
     uint G1ConcRefinementThreads                  = 10                                        {product} {ergonomic}
   size_t G1HeapRegionSize                         = 1048576                                   {product} {ergonomic}
    uintx GCDrainStackTargetSize                   = 64                                        {product} {ergonomic}
   size_t InitialHeapSize                          = 132120576                                 {product} {ergonomic}
   size_t MarkStackSize                            = 4194304                                   {product} {ergonomic}
   size_t MaxHeapSize                              = 2101346304                                {product} {ergonomic}
   size_t MaxNewSize                               = 1260388352                                {product} {ergonomic}
   size_t MinHeapDeltaBytes                        = 1048576                                   {product} {ergonomic}
   size_t MinHeapSize                              = 8388608                                   {product} {ergonomic}
    uintx NonNMethodCodeHeapSize                   = 5839372                                {pd product} {ergonomic}
    uintx NonProfiledCodeHeapSize                  = 122909434                              {pd product} {ergonomic}
    uintx ProfiledCodeHeapSize                     = 122909434                              {pd product} {ergonomic}
    uintx ReservedCodeCacheSize                    = 251658240                              {pd product} {ergonomic}
     bool SegmentedCodeCache                       = true                                      {product} {ergonomic}
     bool ShowCodeDetailsInExceptionMessages       = true                                   {manageable} {command line}
   size_t SoftMaxHeapSize                          = 2101346304                             {manageable} {ergonomic}
     bool UseCompressedClassPointers               = true                           {product lp64_product} {ergonomic}
     bool UseCompressedOops                        = true                           {product lp64_product} {ergonomic}
     bool UseG1GC                                  = true                                      {product} {ergonomic}
     bool UseLargePagesIndividualAllocation        = false                                  {pd product} {ergonomic}

Logging:
Log output configuration:
 #0: stdout all=warning uptime,level,tags
 #1: stderr all=off uptime,level,tags

Environment Variables:
PATH=C:\Program Files\Common Files\Oracle\Java\javapath;C:\Program Files (x86)\Common Files\Oracle\Java\javapath;C:\Windows\system32;C:\Windows;C:\Windows\System32\Wbem;C:\Windows\System32\WindowsPowerShell\v1.0\;C:\Windows\System32\OpenSSH\;C:\Program Files\NVIDIA Corporation\NVIDIA NvDLISR;C:\Program Files (x86)\NVIDIA Corporation\PhysX\Common;C:\Program Files\dotnet\;C:\Program Files\Git\cmd;C:\Program Files\Maven\apache-maven-3.9.4\bin;C:\Users\aroda\AppData\Local\Microsoft\WindowsApps;;C:\Users\aroda\AppData\Local\Programs\Microsoft VS Code\bin
USERNAME=aroda
LANG=en_US.UTF-8
OS=Windows_NT
PROCESSOR_IDENTIFIER=Intel64 Family 6 Model 165 Stepping 2, GenuineIntel
TMP=C:\Users\aroda\AppData\Local\Temp
TEMP=C:\Users\aroda\AppData\Local\Temp



---------------  S Y S T E M  ---------------

OS:
 Windows 11 , 64 bit Build 22621 (10.0.22621.2070)
OS uptime: 1 days 11:07 hours
Hyper-V role detected

CPU: total 12 (initial active 12) (6 cores per cpu, 2 threads per core) family 6 model 165 stepping 2 microcode 0xe2, cx8, cmov, fxsr, ht, mmx, 3dnowpref, sse, sse2, sse3, ssse3, sse4.1, sse4.2, popcnt, lzcnt, tsc, tscinvbit, avx, avx2, aes, erms, clmul, bmi1, bmi2, adx, fma, vzeroupper, clflush, clflushopt, hv

Memory: 4k page, system-wide physical 8013M (459M free)
TotalPageFile size 16205M (AvailPageFile size 10M)
current process WorkingSet (physical memory assigned to process): 265M, peak: 275M
current process commit charge ("private bytes"): 303M, peak: 311M

vm_info: OpenJDK 64-Bit Server VM (17.0.7+7) for windows-amd64 JRE (17.0.7+7), built on Apr 18 2023 22:10:42 by "temurin" with MS VC++ 16.7 (VS2019)

END.
