#
# There is insufficient memory for the Java Runtime Environment to continue.
# Native memory allocation (mmap) failed to map 354418688 bytes for G1 virtual space
# Possible reasons:
#   The system is out of physical RAM or swap space
#   The process is running with CompressedOops enabled, and the Java Heap may be blocking the growth of the native heap
# Possible solutions:
#   Reduce memory load on the system
#   Increase physical memory or swap space
#   Check if swap backing store is full
#   Decrease Java heap size (-Xmx/-Xms)
#   Decrease number of Java threads
#   Decrease Java thread stack sizes (-Xss)
#   Set larger code cache with -XX:ReservedCodeCacheSize=
#   JVM is running with Unscaled Compressed Oops mode in which the Java heap is
#     placed in the first 4GB address space. The Java Heap base address is the
#     maximum limit for the native heap growth. Please use -XX:HeapBaseMinAddress
#     to set the Java Heap base and to place the Java Heap above 4GB virtual address.
# This output file may be truncated or incomplete.
#
#  Out of Memory Error (os_windows.cpp:3559), pid=17616, tid=19040
#
# JRE version: OpenJDK Runtime Environment Temurin-17.0.7+7 (17.0.7+7) (build 17.0.7+7)
# Java VM: OpenJDK 64-Bit Server VM Temurin-17.0.7+7 (17.0.7+7, mixed mode, emulated-client, tiered, compressed oops, compressed class ptrs, g1 gc, windows-amd64)
# No core dump will be written. Minidumps are not enabled by default on client versions of Windows
#

---------------  S U M M A R Y ------------

Command Line: -XX:+HeapDumpOnOutOfMemoryError -Xmx1024m -Dsts.lsp.client=vscode -Dsts.log.file=/dev/null -XX:TieredStopAtLevel=1 -Xlog:jni+resolve=off -Dspring.config.location=file:c:\Users\aroda\.vscode\extensions\vmware.vscode-spring-boot-1.48.0\language-server\BOOT-INF\classes\application.properties org.springframework.ide.vscode.boot.app.BootLanguageServerBootApp

Host: Intel(R) Core(TM) i5-10500H CPU @ 2.50GHz, 12 cores, 7G,  Windows 11 , 64 bit Build 22621 (10.0.22621.2070)
Time: Mon Sep  4 09:23:45 2023 Hora est. Pacífico, Sudamérica elapsed time: 10.399460 seconds (0d 0h 0m 10s)

---------------  T H R E A D  ---------------

Current thread (0x0000029925ae05e0):  VMThread "VM Thread" [stack: 0x000000c82b600000,0x000000c82b700000] [id=19040]

Stack: [0x000000c82b600000,0x000000c82b700000]
Native frames: (J=compiled Java code, j=interpreted, Vv=VM code, C=native code)
V  [jvm.dll+0x67754a]
V  [jvm.dll+0x834304]
V  [jvm.dll+0x835aae]
V  [jvm.dll+0x836113]
V  [jvm.dll+0x24696f]
V  [jvm.dll+0x6743f9]
V  [jvm.dll+0x668c8a]
V  [jvm.dll+0x3061bb]
V  [jvm.dll+0x30d6a6]
V  [jvm.dll+0x35cece]
V  [jvm.dll+0x35d0ff]
V  [jvm.dll+0x2dd048]
V  [jvm.dll+0x2db20c]
V  [jvm.dll+0x2da7dc]
V  [jvm.dll+0x31e6db]
V  [jvm.dll+0x83a5bb]
V  [jvm.dll+0x83b2f4]
V  [jvm.dll+0x83b80c]
V  [jvm.dll+0x83bbe4]
V  [jvm.dll+0x83bcb0]
V  [jvm.dll+0x7e4e7a]
V  [jvm.dll+0x676395]
C  [ucrtbase.dll+0x29363]
C  [KERNEL32.DLL+0x126ad]
C  [ntdll.dll+0x5aa68]

VM_Operation (0x000000c82ddfe680): G1CollectForAllocation, mode: safepoint, requested by thread 0x000002992b980bc0


---------------  P R O C E S S  ---------------

Threads class SMR info:
_java_thread_list=0x000002992aa74260, length=44, elements={
0x0000029925af9390, 0x0000029925af9e50, 0x0000029925b1d810, 0x0000029925b201e0,
0x0000029925b20aa0, 0x0000029925b21360, 0x000002992a00f590, 0x000002992a019eb0,
0x000002992a2007a0, 0x000002992a215f10, 0x000002992a216590, 0x000002992b09dcd0,
0x000002992b6d8550, 0x000002992b64aeb0, 0x000002992b789870, 0x000002991a8e28b0,
0x000002992b7ad4a0, 0x000002992b83b040, 0x000002992b8432d0, 0x000002992b84c500,
0x000002992b866380, 0x000002992b97f3b0, 0x000002992b9806f0, 0x000002992b97eee0,
0x000002992b97ea10, 0x000002992b97e070, 0x000002992b97f880, 0x000002992b980bc0,
0x000002992b97e540, 0x000002992b981a30, 0x000002992b981090, 0x000002992b97fd50,
0x000002992b980220, 0x000002992b981560, 0x000002992b9ba950, 0x000002992b9bd4a0,
0x000002992b9b9140, 0x000002992b9b87a0, 0x000002992b9bc160, 0x000002992ba404a0,
0x000002992baf8c40, 0x000002992b9bae20, 0x000002992b9b9610, 0x000002992b9b9ae0
}

Java Threads: ( => current thread )
  0x0000029925af9390 JavaThread "Reference Handler" daemon [_thread_blocked, id=19068, stack(0x000000c82b700000,0x000000c82b800000)]
  0x0000029925af9e50 JavaThread "Finalizer" daemon [_thread_blocked, id=19060, stack(0x000000c82b800000,0x000000c82b900000)]
  0x0000029925b1d810 JavaThread "Signal Dispatcher" daemon [_thread_blocked, id=19052, stack(0x000000c82b900000,0x000000c82ba00000)]
  0x0000029925b201e0 JavaThread "Attach Listener" daemon [_thread_blocked, id=19048, stack(0x000000c82ba00000,0x000000c82bb00000)]
  0x0000029925b20aa0 JavaThread "Service Thread" daemon [_thread_blocked, id=18836, stack(0x000000c82bb00000,0x000000c82bc00000)]
  0x0000029925b21360 JavaThread "Monitor Deflation Thread" daemon [_thread_blocked, id=15660, stack(0x000000c82bc00000,0x000000c82bd00000)]
  0x000002992a00f590 JavaThread "C1 CompilerThread0" daemon [_thread_blocked, id=2228, stack(0x000000c82bd00000,0x000000c82be00000)]
  0x000002992a019eb0 JavaThread "Sweeper thread" daemon [_thread_blocked, id=15584, stack(0x000000c82be00000,0x000000c82bf00000)]
  0x000002992a2007a0 JavaThread "C1 CompilerThread1" daemon [_thread_blocked, id=1832, stack(0x000000c82bf00000,0x000000c82c000000)]
  0x000002992a215f10 JavaThread "Notification Thread" daemon [_thread_blocked, id=3552, stack(0x000000c82c000000,0x000000c82c100000)]
  0x000002992a216590 JavaThread "Common-Cleaner" daemon [_thread_blocked, id=19360, stack(0x000000c82c200000,0x000000c82c300000)]
  0x000002992b09dcd0 JavaThread "boundedElastic-evictor-1" daemon [_thread_blocked, id=6820, stack(0x000000c82c300000,0x000000c82c400000)]
  0x000002992b6d8550 JavaThread "boundedElastic-evictor-2" daemon [_thread_blocked, id=4820, stack(0x000000c82cb00000,0x000000c82cc00000)]
  0x000002992b64aeb0 JavaThread "pool-11-thread-1" [_thread_blocked, id=12208, stack(0x000000c82cc00000,0x000000c82cd00000)]
  0x000002992b789870 JavaThread "LanguageServerApp-lifecycle" [_thread_blocked, id=7928, stack(0x000000c82d100000,0x000000c82d200000)]
  0x000002991a8e28b0 JavaThread "DestroyJavaVM" [_thread_blocked, id=15132, stack(0x000000c82b000000,0x000000c82b100000)]
  0x000002992b7ad4a0 JavaThread "pool-12-thread-1" [_thread_in_native, id=10864, stack(0x000000c82d200000,0x000000c82d300000)]
  0x000002992b83b040 JavaThread "Simple-Language-Server main thread" daemon [_thread_blocked, id=18936, stack(0x000000c82d300000,0x000000c82d400000)]
  0x000002992b8432d0 JavaThread "ForkJoinPool.commonPool-worker-1" daemon [_thread_blocked, id=19288, stack(0x000000c82d400000,0x000000c82d500000)]
  0x000002992b84c500 JavaThread "ClassGraph-worker-0" daemon [_thread_blocked, id=11456, stack(0x000000c82d500000,0x000000c82d600000)]
  0x000002992b866380 JavaThread "ClassGraph-worker-1" daemon [_thread_blocked, id=3768, stack(0x000000c82d600000,0x000000c82d700000)]
  0x000002992b97f3b0 JavaThread "ClassGraph-worker-2" daemon [_thread_blocked, id=14372, stack(0x000000c82d700000,0x000000c82d800000)]
  0x000002992b9806f0 JavaThread "ClassGraph-worker-3" daemon [_thread_blocked, id=18132, stack(0x000000c82d800000,0x000000c82d900000)]
  0x000002992b97eee0 JavaThread "ClassGraph-worker-4" daemon [_thread_blocked, id=11792, stack(0x000000c82d900000,0x000000c82da00000)]
  0x000002992b97ea10 JavaThread "ClassGraph-worker-5" daemon [_thread_blocked, id=11348, stack(0x000000c82da00000,0x000000c82db00000)]
  0x000002992b97e070 JavaThread "ClassGraph-worker-6" daemon [_thread_blocked, id=9368, stack(0x000000c82db00000,0x000000c82dc00000)]
  0x000002992b97f880 JavaThread "ClassGraph-worker-7" daemon [_thread_blocked, id=14160, stack(0x000000c82dc00000,0x000000c82dd00000)]
  0x000002992b980bc0 JavaThread "ClassGraph-worker-8" daemon [_thread_blocked, id=16596, stack(0x000000c82dd00000,0x000000c82de00000)]
  0x000002992b97e540 JavaThread "ClassGraph-worker-9" daemon [_thread_blocked, id=7664, stack(0x000000c82de00000,0x000000c82df00000)]
  0x000002992b981a30 JavaThread "ClassGraph-worker-10" daemon [_thread_blocked, id=5608, stack(0x000000c82df00000,0x000000c82e000000)]
  0x000002992b981090 JavaThread "ClassGraph-worker-11" daemon [_thread_blocked, id=9484, stack(0x000000c82e000000,0x000000c82e100000)]
  0x000002992b97fd50 JavaThread "ClassGraph-worker-12" daemon [_thread_blocked, id=4044, stack(0x000000c82e100000,0x000000c82e200000)]
  0x000002992b980220 JavaThread "ClassGraph-worker-13" daemon [_thread_blocked, id=1632, stack(0x000000c82e200000,0x000000c82e300000)]
  0x000002992b981560 JavaThread "ClassGraph-worker-14" daemon [_thread_blocked, id=18064, stack(0x000000c82e300000,0x000000c82e400000)]
  0x000002992b9ba950 JavaThread "ClassGraph-worker-15" daemon [_thread_blocked, id=16192, stack(0x000000c82e400000,0x000000c82e500000)]
  0x000002992b9bd4a0 JavaThread "ClassGraph-worker-16" daemon [_thread_blocked, id=10248, stack(0x000000c82e500000,0x000000c82e600000)]
  0x000002992b9b9140 JavaThread "ClassGraph-worker-17" daemon [_thread_blocked, id=18924, stack(0x000000c82e600000,0x000000c82e700000)]
  0x000002992b9b87a0 JavaThread "ClassGraph-worker-18" daemon [_thread_blocked, id=18524, stack(0x000000c82e700000,0x000000c82e800000)]
  0x000002992b9bc160 JavaThread "parallel-1" daemon [_thread_blocked, id=19280, stack(0x000000c82ea00000,0x000000c82eb00000)]
  0x000002992ba404a0 JavaThread "C1 CompilerThread2" daemon [_thread_blocked, id=18940, stack(0x000000c82eb00000,0x000000c82ec00000)]
  0x000002992baf8c40 JavaThread "C1 CompilerThread3" daemon [_thread_blocked, id=14616, stack(0x000000c82ec00000,0x000000c82ed00000)]
  0x000002992b9bae20 JavaThread "pool-5-thread-1" [_thread_blocked, id=13256, stack(0x000000c82ed00000,0x000000c82ee00000)]
  0x000002992b9b9610 JavaThread "parallel-2" daemon [_thread_blocked, id=18452, stack(0x000000c82ee00000,0x000000c82ef00000)]
  0x000002992b9b9ae0 JavaThread "Project-Reconciler-1" daemon [_thread_blocked, id=18592, stack(0x000000c82f400000,0x000000c82f500000)]

Other Threads:
=>0x0000029925ae05e0 VMThread "VM Thread" [stack: 0x000000c82b600000,0x000000c82b700000] [id=19040]
  0x000002991a932180 WatcherThread [stack: 0x000000c82c100000,0x000000c82c200000] [id=19248]
  0x000002991a921460 GCTaskThread "GC Thread#0" [stack: 0x000000c82b100000,0x000000c82b200000] [id=2000]
  0x000002992abc9670 GCTaskThread "GC Thread#1" [stack: 0x000000c82c400000,0x000000c82c500000] [id=16548]
  0x000002992abc9d30 GCTaskThread "GC Thread#2" [stack: 0x000000c82c500000,0x000000c82c600000] [id=15020]
  0x000002992ac5d320 GCTaskThread "GC Thread#3" [stack: 0x000000c82c600000,0x000000c82c700000] [id=6408]
  0x000002992aa8f850 GCTaskThread "GC Thread#4" [stack: 0x000000c82c700000,0x000000c82c800000] [id=18556]
  0x000002992aa90310 GCTaskThread "GC Thread#5" [stack: 0x000000c82c800000,0x000000c82c900000] [id=12064]
  0x000002992aa905c0 GCTaskThread "GC Thread#6" [stack: 0x000000c82c900000,0x000000c82ca00000] [id=4416]
  0x000002992aa90870 GCTaskThread "GC Thread#7" [stack: 0x000000c82ca00000,0x000000c82cb00000] [id=19348]
  0x000002992b12c7e0 GCTaskThread "GC Thread#8" [stack: 0x000000c82cd00000,0x000000c82ce00000] [id=16668]
  0x000002992b12ca90 GCTaskThread "GC Thread#9" [stack: 0x000000c82ce00000,0x000000c82cf00000] [id=16316]
  0x000002991a92a410 ConcurrentGCThread "G1 Main Marker" [stack: 0x000000c82b200000,0x000000c82b300000] [id=7020]
  0x000002991a92bbe0 ConcurrentGCThread "G1 Conc#0" [stack: 0x000000c82b300000,0x000000c82b400000] [id=18548]
  0x000002992b0f0f40 ConcurrentGCThread "G1 Conc#1" [stack: 0x000000c82cf00000,0x000000c82d000000] [id=12020]
  0x000002992b0c09d0 ConcurrentGCThread "G1 Conc#2" [stack: 0x000000c82d000000,0x000000c82d100000] [id=14104]
  0x00000299259520b0 ConcurrentGCThread "G1 Refine#0" [stack: 0x000000c82b400000,0x000000c82b500000] [id=18384]
  0x000002992bb0de30 ConcurrentGCThread "G1 Refine#1" [stack: 0x000000c82e800000,0x000000c82e900000] [id=18920]
  0x000002992bbcead0 ConcurrentGCThread "G1 Refine#2" [stack: 0x000000c82e900000,0x000000c82ea00000] [id=19296]
  0x000002992c6d4bf0 ConcurrentGCThread "G1 Refine#3" [stack: 0x000000c82ef00000,0x000000c82f000000] [id=19284]
  0x000002992c61b060 ConcurrentGCThread "G1 Refine#4" [stack: 0x000000c82f000000,0x000000c82f100000] [id=18604]
  0x000002992c693540 ConcurrentGCThread "G1 Refine#5" [stack: 0x000000c82f100000,0x000000c82f200000] [id=10092]
  0x000002992c576b40 ConcurrentGCThread "G1 Refine#6" [stack: 0x000000c82f200000,0x000000c82f300000] [id=18448]
  0x000002992c576e20 ConcurrentGCThread "G1 Refine#7" [stack: 0x000000c82f300000,0x000000c82f400000] [id=19292]
  0x0000029925952880 ConcurrentGCThread "G1 Service" [stack: 0x000000c82b500000,0x000000c82b600000] [id=19132]

Threads with active compile tasks:

VM state: at safepoint (normal execution)

VM Mutex/Monitor currently owned by a thread:  ([mutex/lock_event])
[0x000002991855a5d0] Threads_lock - owner thread: 0x0000029925ae05e0
[0x000002991861c690] Heap_lock - owner thread: 0x000002992b980bc0

Heap address: 0x00000000c0000000, size: 1024 MB, Compressed Oops mode: 32-bit

CDS archive(s) not mapped
Compressed class space mapped at: 0x0000000100000000-0x0000000140000000, reserved size: 1073741824
Narrow klass base: 0x0000000000000000, Narrow klass shift: 3, Narrow klass range: 0x140000000

GC Precious Log:
 CPUs: 12 total, 12 available
 Memory: 8013M
 Large Page Support: Disabled
 NUMA Support: Disabled
 Compressed Oops: Enabled (32-bit)
 Heap Region Size: 1M
 Heap Min Capacity: 8M
 Heap Initial Capacity: 126M
 Heap Max Capacity: 1G
 Pre-touch: Disabled
 Parallel Workers: 10
 Concurrent Workers: 3
 Concurrent Refinement Workers: 10
 Periodic GC: Disabled

Heap:
 garbage-first heap   total 176128K, used 85003K [0x00000000c0000000, 0x0000000100000000)
  region size 1024K, 5 young (5120K), 5 survivors (5120K)
 Metaspace       used 42547K, committed 42944K, reserved 1114112K
  class space    used 5431K, committed 5632K, reserved 1048576K

Heap Regions: E=young(eden), S=young(survivor), O=old, HS=humongous(starts), HC=humongous(continues), CS=collection set, F=free, OA=open archive, CA=closed archive, TAMS=top-at-mark-start (previous, next)
|   0|0x00000000c0000000, 0x00000000c0100000, 0x00000000c0100000|100%| O|  |TAMS 0x00000000c0100000, 0x00000000c0100000| Untracked 
|   1|0x00000000c0100000, 0x00000000c0200000, 0x00000000c0200000|100%| O|  |TAMS 0x00000000c0200000, 0x00000000c0200000| Untracked 
|   2|0x00000000c0200000, 0x00000000c0300000, 0x00000000c0300000|100%| O|  |TAMS 0x00000000c0300000, 0x00000000c0300000| Untracked 
|   3|0x00000000c0300000, 0x00000000c0400000, 0x00000000c0400000|100%| O|  |TAMS 0x00000000c0400000, 0x00000000c0400000| Untracked 
|   4|0x00000000c0400000, 0x00000000c0500000, 0x00000000c0500000|100%| O|  |TAMS 0x00000000c0500000, 0x00000000c0500000| Untracked 
|   5|0x00000000c0500000, 0x00000000c0600000, 0x00000000c0600000|100%| O|  |TAMS 0x00000000c0600000, 0x00000000c0600000| Untracked 
|   6|0x00000000c0600000, 0x00000000c0700000, 0x00000000c0700000|100%| O|  |TAMS 0x00000000c0700000, 0x00000000c0700000| Untracked 
|   7|0x00000000c0700000, 0x00000000c0800000, 0x00000000c0800000|100%| O|  |TAMS 0x00000000c0800000, 0x00000000c0800000| Untracked 
|   8|0x00000000c0800000, 0x00000000c0900000, 0x00000000c0900000|100%| O|  |TAMS 0x00000000c0900000, 0x00000000c0900000| Untracked 
|   9|0x00000000c0900000, 0x00000000c0a00000, 0x00000000c0a00000|100%|HS|  |TAMS 0x00000000c0900000, 0x00000000c0a00000| Complete 
|  10|0x00000000c0a00000, 0x00000000c0b00000, 0x00000000c0b00000|100%| O|  |TAMS 0x00000000c0b00000, 0x00000000c0b00000| Untracked 
|  11|0x00000000c0b00000, 0x00000000c0c00000, 0x00000000c0c00000|100%| O|  |TAMS 0x00000000c0c00000, 0x00000000c0c00000| Untracked 
|  12|0x00000000c0c00000, 0x00000000c0d00000, 0x00000000c0d00000|100%| O|  |TAMS 0x00000000c0d00000, 0x00000000c0d00000| Untracked 
|  13|0x00000000c0d00000, 0x00000000c0e00000, 0x00000000c0e00000|100%| O|  |TAMS 0x00000000c0e00000, 0x00000000c0e00000| Untracked 
|  14|0x00000000c0e00000, 0x00000000c0f00000, 0x00000000c0f00000|100%| O|  |TAMS 0x00000000c0f00000, 0x00000000c0f00000| Untracked 
|  15|0x00000000c0f00000, 0x00000000c1000000, 0x00000000c1000000|100%| O|  |TAMS 0x00000000c1000000, 0x00000000c1000000| Untracked 
|  16|0x00000000c1000000, 0x00000000c1100000, 0x00000000c1100000|100%| O|  |TAMS 0x00000000c1100000, 0x00000000c1100000| Untracked 
|  17|0x00000000c1100000, 0x00000000c1200000, 0x00000000c1200000|100%| O|  |TAMS 0x00000000c1200000, 0x00000000c1200000| Untracked 
|  18|0x00000000c1200000, 0x00000000c1300000, 0x00000000c1300000|100%| O|  |TAMS 0x00000000c1300000, 0x00000000c1300000| Untracked 
|  19|0x00000000c1300000, 0x00000000c1400000, 0x00000000c1400000|100%| O|  |TAMS 0x00000000c1400000, 0x00000000c1400000| Untracked 
|  20|0x00000000c1400000, 0x00000000c1500000, 0x00000000c1500000|100%| O|  |TAMS 0x00000000c1500000, 0x00000000c1500000| Untracked 
|  21|0x00000000c1500000, 0x00000000c1600000, 0x00000000c1600000|100%| O|  |TAMS 0x00000000c1600000, 0x00000000c1600000| Untracked 
|  22|0x00000000c1600000, 0x00000000c1700000, 0x00000000c1700000|100%| O|  |TAMS 0x00000000c1700000, 0x00000000c1700000| Untracked 
|  23|0x00000000c1700000, 0x00000000c1800000, 0x00000000c1800000|100%| O|  |TAMS 0x00000000c1800000, 0x00000000c1800000| Untracked 
|  24|0x00000000c1800000, 0x00000000c1900000, 0x00000000c1900000|100%| O|  |TAMS 0x00000000c1900000, 0x00000000c1900000| Untracked 
|  25|0x00000000c1900000, 0x00000000c1a00000, 0x00000000c1a00000|100%| O|  |TAMS 0x00000000c1a00000, 0x00000000c1a00000| Untracked 
|  26|0x00000000c1a00000, 0x00000000c1b00000, 0x00000000c1b00000|100%| O|  |TAMS 0x00000000c1b00000, 0x00000000c1b00000| Untracked 
|  27|0x00000000c1b00000, 0x00000000c1c00000, 0x00000000c1c00000|100%| O|  |TAMS 0x00000000c1c00000, 0x00000000c1c00000| Untracked 
|  28|0x00000000c1c00000, 0x00000000c1d00000, 0x00000000c1d00000|100%| O|  |TAMS 0x00000000c1d00000, 0x00000000c1d00000| Untracked 
|  29|0x00000000c1d00000, 0x00000000c1e00000, 0x00000000c1e00000|100%| O|  |TAMS 0x00000000c1e00000, 0x00000000c1e00000| Untracked 
|  30|0x00000000c1e00000, 0x00000000c1f00000, 0x00000000c1f00000|100%| O|  |TAMS 0x00000000c1f00000, 0x00000000c1f00000| Untracked 
|  31|0x00000000c1f00000, 0x00000000c2000000, 0x00000000c2000000|100%| O|  |TAMS 0x00000000c2000000, 0x00000000c2000000| Untracked 
|  32|0x00000000c2000000, 0x00000000c2100000, 0x00000000c2100000|100%| O|  |TAMS 0x00000000c2100000, 0x00000000c2100000| Untracked 
|  33|0x00000000c2100000, 0x00000000c2200000, 0x00000000c2200000|100%| O|  |TAMS 0x00000000c2200000, 0x00000000c2200000| Untracked 
|  34|0x00000000c2200000, 0x00000000c2300000, 0x00000000c2300000|100%| O|  |TAMS 0x00000000c2300000, 0x00000000c2300000| Untracked 
|  35|0x00000000c2300000, 0x00000000c2400000, 0x00000000c2400000|100%| O|  |TAMS 0x00000000c2400000, 0x00000000c2400000| Untracked 
|  36|0x00000000c2400000, 0x00000000c2500000, 0x00000000c2500000|100%| O|  |TAMS 0x00000000c2500000, 0x00000000c2500000| Untracked 
|  37|0x00000000c2500000, 0x00000000c2600000, 0x00000000c2600000|100%| O|  |TAMS 0x00000000c2600000, 0x00000000c2600000| Untracked 
|  38|0x00000000c2600000, 0x00000000c2700000, 0x00000000c2700000|100%|HS|  |TAMS 0x00000000c2600000, 0x00000000c2700000| Complete 
|  39|0x00000000c2700000, 0x00000000c2800000, 0x00000000c2800000|100%| O|  |TAMS 0x00000000c2700000, 0x00000000c2800000| Untracked 
|  40|0x00000000c2800000, 0x00000000c2900000, 0x00000000c2900000|100%| O|  |TAMS 0x00000000c2800000, 0x00000000c2900000| Untracked 
|  41|0x00000000c2900000, 0x00000000c2a00000, 0x00000000c2a00000|100%| O|  |TAMS 0x00000000c2900000, 0x00000000c2a00000| Untracked 
|  42|0x00000000c2a00000, 0x00000000c2b00000, 0x00000000c2b00000|100%| O|  |TAMS 0x00000000c2a00000, 0x00000000c2b00000| Untracked 
|  43|0x00000000c2b00000, 0x00000000c2c00000, 0x00000000c2c00000|100%| O|  |TAMS 0x00000000c2b00000, 0x00000000c2c00000| Untracked 
|  44|0x00000000c2c00000, 0x00000000c2d00000, 0x00000000c2d00000|100%| O|  |TAMS 0x00000000c2c00000, 0x00000000c2d00000| Untracked 
|  45|0x00000000c2d00000, 0x00000000c2e00000, 0x00000000c2e00000|100%| O|  |TAMS 0x00000000c2d00000, 0x00000000c2e00000| Untracked 
|  46|0x00000000c2e00000, 0x00000000c2f00000, 0x00000000c2f00000|100%| O|  |TAMS 0x00000000c2e00000, 0x00000000c2f00000| Untracked 
|  47|0x00000000c2f00000, 0x00000000c3000000, 0x00000000c3000000|100%| O|  |TAMS 0x00000000c2f00000, 0x00000000c3000000| Untracked 
|  48|0x00000000c3000000, 0x00000000c3100000, 0x00000000c3100000|100%| O|  |TAMS 0x00000000c3000000, 0x00000000c3100000| Untracked 
|  49|0x00000000c3100000, 0x00000000c3200000, 0x00000000c3200000|100%| O|  |TAMS 0x00000000c3100000, 0x00000000c3200000| Untracked 
|  50|0x00000000c3200000, 0x00000000c3300000, 0x00000000c3300000|100%| O|  |TAMS 0x00000000c3200000, 0x00000000c3300000| Untracked 
|  51|0x00000000c3300000, 0x00000000c3400000, 0x00000000c3400000|100%| O|  |TAMS 0x00000000c3300000, 0x00000000c3400000| Untracked 
|  52|0x00000000c3400000, 0x00000000c3500000, 0x00000000c3500000|100%| O|  |TAMS 0x00000000c3400000, 0x00000000c3500000| Untracked 
|  53|0x00000000c3500000, 0x00000000c3600000, 0x00000000c3600000|100%| O|  |TAMS 0x00000000c3500000, 0x00000000c3600000| Untracked 
|  54|0x00000000c3600000, 0x00000000c3700000, 0x00000000c3700000|100%| O|  |TAMS 0x00000000c3600000, 0x00000000c3700000| Untracked 
|  55|0x00000000c3700000, 0x00000000c3800000, 0x00000000c3800000|100%| O|  |TAMS 0x00000000c3700000, 0x00000000c3800000| Untracked 
|  56|0x00000000c3800000, 0x00000000c3900000, 0x00000000c3900000|100%| O|  |TAMS 0x00000000c3800000, 0x00000000c3900000| Untracked 
|  57|0x00000000c3900000, 0x00000000c3a00000, 0x00000000c3a00000|100%| O|  |TAMS 0x00000000c3900000, 0x00000000c3a00000| Untracked 
|  58|0x00000000c3a00000, 0x00000000c3b00000, 0x00000000c3b00000|100%| O|  |TAMS 0x00000000c3a00000, 0x00000000c3b00000| Untracked 
|  59|0x00000000c3b00000, 0x00000000c3c00000, 0x00000000c3c00000|100%| O|  |TAMS 0x00000000c3b00000, 0x00000000c3c00000| Untracked 
|  60|0x00000000c3c00000, 0x00000000c3d00000, 0x00000000c3d00000|100%| O|  |TAMS 0x00000000c3c00000, 0x00000000c3d00000| Untracked 
|  61|0x00000000c3d00000, 0x00000000c3e00000, 0x00000000c3e00000|100%| O|  |TAMS 0x00000000c3d00000, 0x00000000c3e00000| Untracked 
|  62|0x00000000c3e00000, 0x00000000c3f00000, 0x00000000c3f00000|100%| O|  |TAMS 0x00000000c3e00000, 0x00000000c3f00000| Untracked 
|  63|0x00000000c3f00000, 0x00000000c4000000, 0x00000000c4000000|100%| O|  |TAMS 0x00000000c3f00000, 0x00000000c4000000| Untracked 
|  64|0x00000000c4000000, 0x00000000c4100000, 0x00000000c4100000|100%| O|  |TAMS 0x00000000c4000000, 0x00000000c4100000| Untracked 
|  65|0x00000000c4100000, 0x00000000c4200000, 0x00000000c4200000|100%| O|  |TAMS 0x00000000c4100000, 0x00000000c4200000| Untracked 
|  66|0x00000000c4200000, 0x00000000c4300000, 0x00000000c4300000|100%| O|  |TAMS 0x00000000c4200000, 0x00000000c4300000| Untracked 
|  67|0x00000000c4300000, 0x00000000c4400000, 0x00000000c4400000|100%| O|  |TAMS 0x00000000c4300000, 0x00000000c4400000| Untracked 
|  68|0x00000000c4400000, 0x00000000c4500000, 0x00000000c4500000|100%| O|  |TAMS 0x00000000c4400000, 0x00000000c4500000| Untracked 
|  69|0x00000000c4500000, 0x00000000c4600000, 0x00000000c4600000|100%| O|  |TAMS 0x00000000c4500000, 0x00000000c4600000| Untracked 
|  70|0x00000000c4600000, 0x00000000c4700000, 0x00000000c4700000|100%| O|  |TAMS 0x00000000c4600000, 0x00000000c4700000| Untracked 
|  71|0x00000000c4700000, 0x00000000c4800000, 0x00000000c4800000|100%| O|  |TAMS 0x00000000c4700000, 0x00000000c4800000| Untracked 
|  72|0x00000000c4800000, 0x00000000c4900000, 0x00000000c4900000|100%| O|  |TAMS 0x00000000c4800000, 0x00000000c4900000| Untracked 
|  73|0x00000000c4900000, 0x00000000c4a00000, 0x00000000c4a00000|100%| O|  |TAMS 0x00000000c4900000, 0x00000000c4a00000| Untracked 
|  74|0x00000000c4a00000, 0x00000000c4b00000, 0x00000000c4b00000|100%| O|  |TAMS 0x00000000c4a00000, 0x00000000c4b00000| Untracked 
|  75|0x00000000c4b00000, 0x00000000c4c00000, 0x00000000c4c00000|100%| O|  |TAMS 0x00000000c4b00000, 0x00000000c4c00000| Untracked 
|  76|0x00000000c4c00000, 0x00000000c4d00000, 0x00000000c4d00000|100%| O|  |TAMS 0x00000000c4c00000, 0x00000000c4d00000| Untracked 
|  77|0x00000000c4d00000, 0x00000000c4e00000, 0x00000000c4e00000|100%| O|  |TAMS 0x00000000c4d00000, 0x00000000c4e00000| Untracked 
|  78|0x00000000c4e00000, 0x00000000c4ee5000, 0x00000000c4f00000| 89%| O|  |TAMS 0x00000000c4e00000, 0x00000000c4ee5000| Untracked 
|  79|0x00000000c4f00000, 0x00000000c4f00000, 0x00000000c5000000|  0%| F|  |TAMS 0x00000000c4f00000, 0x00000000c4f00000| Untracked 
|  80|0x00000000c5000000, 0x00000000c5000000, 0x00000000c5100000|  0%| F|  |TAMS 0x00000000c5000000, 0x00000000c5000000| Untracked 
|  81|0x00000000c5100000, 0x00000000c5100000, 0x00000000c5200000|  0%| F|  |TAMS 0x00000000c5100000, 0x00000000c5100000| Untracked 
|  82|0x00000000c5200000, 0x00000000c5200000, 0x00000000c5300000|  0%| F|  |TAMS 0x00000000c5200000, 0x00000000c5200000| Untracked 
|  83|0x00000000c5300000, 0x00000000c5300000, 0x00000000c5400000|  0%| F|  |TAMS 0x00000000c5300000, 0x00000000c5300000| Untracked 
|  84|0x00000000c5400000, 0x00000000c5400000, 0x00000000c5500000|  0%| F|  |TAMS 0x00000000c5400000, 0x00000000c5400000| Untracked 
|  85|0x00000000c5500000, 0x00000000c5500000, 0x00000000c5600000|  0%| F|  |TAMS 0x00000000c5500000, 0x00000000c5500000| Untracked 
|  86|0x00000000c5600000, 0x00000000c5600000, 0x00000000c5700000|  0%| F|  |TAMS 0x00000000c5600000, 0x00000000c5600000| Untracked 
|  87|0x00000000c5700000, 0x00000000c5700000, 0x00000000c5800000|  0%| F|  |TAMS 0x00000000c5700000, 0x00000000c5700000| Untracked 
|  88|0x00000000c5800000, 0x00000000c5800000, 0x00000000c5900000|  0%| F|  |TAMS 0x00000000c5800000, 0x00000000c5800000| Untracked 
|  89|0x00000000c5900000, 0x00000000c5900000, 0x00000000c5a00000|  0%| F|  |TAMS 0x00000000c5900000, 0x00000000c5900000| Untracked 
|  90|0x00000000c5a00000, 0x00000000c5a00000, 0x00000000c5b00000|  0%| F|  |TAMS 0x00000000c5a00000, 0x00000000c5a00000| Untracked 
|  91|0x00000000c5b00000, 0x00000000c5b00000, 0x00000000c5c00000|  0%| F|  |TAMS 0x00000000c5b00000, 0x00000000c5b00000| Untracked 
|  92|0x00000000c5c00000, 0x00000000c5c00000, 0x00000000c5d00000|  0%| F|  |TAMS 0x00000000c5c00000, 0x00000000c5c00000| Untracked 
|  93|0x00000000c5d00000, 0x00000000c5d00000, 0x00000000c5e00000|  0%| F|  |TAMS 0x00000000c5d00000, 0x00000000c5d00000| Untracked 
|  94|0x00000000c5e00000, 0x00000000c5e00000, 0x00000000c5f00000|  0%| F|  |TAMS 0x00000000c5e00000, 0x00000000c5e00000| Untracked 
|  95|0x00000000c5f00000, 0x00000000c5f00000, 0x00000000c6000000|  0%| F|  |TAMS 0x00000000c5f00000, 0x00000000c5f00000| Untracked 
|  96|0x00000000c6000000, 0x00000000c6000000, 0x00000000c6100000|  0%| F|  |TAMS 0x00000000c6000000, 0x00000000c6000000| Untracked 
|  97|0x00000000c6100000, 0x00000000c6100000, 0x00000000c6200000|  0%| F|  |TAMS 0x00000000c6100000, 0x00000000c6100000| Untracked 
|  98|0x00000000c6200000, 0x00000000c6200000, 0x00000000c6300000|  0%| F|  |TAMS 0x00000000c6200000, 0x00000000c6200000| Untracked 
|  99|0x00000000c6300000, 0x00000000c6300000, 0x00000000c6400000|  0%| F|  |TAMS 0x00000000c6300000, 0x00000000c6300000| Untracked 
| 100|0x00000000c6400000, 0x00000000c6400000, 0x00000000c6500000|  0%| F|  |TAMS 0x00000000c6400000, 0x00000000c6400000| Untracked 
| 101|0x00000000c6500000, 0x00000000c6500000, 0x00000000c6600000|  0%| F|  |TAMS 0x00000000c6500000, 0x00000000c6500000| Untracked 
| 102|0x00000000c6600000, 0x00000000c6600000, 0x00000000c6700000|  0%| F|  |TAMS 0x00000000c6600000, 0x00000000c6600000| Untracked 
| 103|0x00000000c6700000, 0x00000000c6700000, 0x00000000c6800000|  0%| F|  |TAMS 0x00000000c6700000, 0x00000000c6700000| Untracked 
| 104|0x00000000c6800000, 0x00000000c6800000, 0x00000000c6900000|  0%| F|  |TAMS 0x00000000c6800000, 0x00000000c6800000| Untracked 
| 105|0x00000000c6900000, 0x00000000c6900000, 0x00000000c6a00000|  0%| F|  |TAMS 0x00000000c6900000, 0x00000000c6900000| Untracked 
| 106|0x00000000c6a00000, 0x00000000c6a00000, 0x00000000c6b00000|  0%| F|  |TAMS 0x00000000c6a00000, 0x00000000c6a00000| Untracked 
| 107|0x00000000c6b00000, 0x00000000c6b00000, 0x00000000c6c00000|  0%| F|  |TAMS 0x00000000c6b00000, 0x00000000c6b00000| Untracked 
| 108|0x00000000c6c00000, 0x00000000c6c00000, 0x00000000c6d00000|  0%| F|  |TAMS 0x00000000c6c00000, 0x00000000c6c00000| Untracked 
| 109|0x00000000c6d00000, 0x00000000c6d00000, 0x00000000c6e00000|  0%| F|  |TAMS 0x00000000c6d00000, 0x00000000c6d00000| Untracked 
| 110|0x00000000c6e00000, 0x00000000c6e00000, 0x00000000c6f00000|  0%| F|  |TAMS 0x00000000c6e00000, 0x00000000c6e00000| Untracked 
| 111|0x00000000c6f00000, 0x00000000c6f00000, 0x00000000c7000000|  0%| F|  |TAMS 0x00000000c6f00000, 0x00000000c6f00000| Untracked 
| 112|0x00000000c7000000, 0x00000000c7000000, 0x00000000c7100000|  0%| F|  |TAMS 0x00000000c7000000, 0x00000000c7000000| Untracked 
| 113|0x00000000c7100000, 0x00000000c7100000, 0x00000000c7200000|  0%| F|  |TAMS 0x00000000c7100000, 0x00000000c7100000| Untracked 
| 114|0x00000000c7200000, 0x00000000c7200000, 0x00000000c7300000|  0%| F|  |TAMS 0x00000000c7200000, 0x00000000c7200000| Untracked 
| 115|0x00000000c7300000, 0x00000000c7300000, 0x00000000c7400000|  0%| F|  |TAMS 0x00000000c7300000, 0x00000000c7300000| Untracked 
| 116|0x00000000c7400000, 0x00000000c741dc30, 0x00000000c7500000| 11%| S|CS|TAMS 0x00000000c7400000, 0x00000000c7400000| Complete 
| 117|0x00000000c7500000, 0x00000000c7600000, 0x00000000c7600000|100%| S|CS|TAMS 0x00000000c7500000, 0x00000000c7500000| Complete 
| 118|0x00000000c7600000, 0x00000000c7700000, 0x00000000c7700000|100%| S|CS|TAMS 0x00000000c7600000, 0x00000000c7600000| Complete 
| 119|0x00000000c7700000, 0x00000000c7800000, 0x00000000c7800000|100%| S|CS|TAMS 0x00000000c7700000, 0x00000000c7700000| Complete 
| 120|0x00000000c7800000, 0x00000000c7900000, 0x00000000c7900000|100%| S|CS|TAMS 0x00000000c7800000, 0x00000000c7800000| Complete 
| 121|0x00000000c7900000, 0x00000000c7900000, 0x00000000c7a00000|  0%| F|  |TAMS 0x00000000c7900000, 0x00000000c7900000| Untracked 
| 122|0x00000000c7a00000, 0x00000000c7a00000, 0x00000000c7b00000|  0%| F|  |TAMS 0x00000000c7a00000, 0x00000000c7a00000| Untracked 
| 123|0x00000000c7b00000, 0x00000000c7b00000, 0x00000000c7c00000|  0%| F|  |TAMS 0x00000000c7b00000, 0x00000000c7b00000| Untracked 
| 124|0x00000000c7c00000, 0x00000000c7c00000, 0x00000000c7d00000|  0%| F|  |TAMS 0x00000000c7c00000, 0x00000000c7c00000| Untracked 
| 125|0x00000000c7d00000, 0x00000000c7d00000, 0x00000000c7e00000|  0%| F|  |TAMS 0x00000000c7d00000, 0x00000000c7d00000| Untracked 
| 126|0x00000000c7e00000, 0x00000000c7e00000, 0x00000000c7f00000|  0%| F|  |TAMS 0x00000000c7e00000, 0x00000000c7e00000| Untracked 
| 127|0x00000000c7f00000, 0x00000000c7f00000, 0x00000000c8000000|  0%| F|  |TAMS 0x00000000c7f00000, 0x00000000c7f00000| Untracked 
| 128|0x00000000c8000000, 0x00000000c8000000, 0x00000000c8100000|  0%| F|  |TAMS 0x00000000c8000000, 0x00000000c8000000| Untracked 
| 129|0x00000000c8100000, 0x00000000c8100000, 0x00000000c8200000|  0%| F|  |TAMS 0x00000000c8100000, 0x00000000c8100000| Untracked 
| 130|0x00000000c8200000, 0x00000000c8200000, 0x00000000c8300000|  0%| F|  |TAMS 0x00000000c8200000, 0x00000000c8200000| Untracked 
| 131|0x00000000c8300000, 0x00000000c8300000, 0x00000000c8400000|  0%| F|  |TAMS 0x00000000c8300000, 0x00000000c8300000| Untracked 
| 132|0x00000000c8400000, 0x00000000c8400000, 0x00000000c8500000|  0%| F|  |TAMS 0x00000000c8400000, 0x00000000c8400000| Untracked 
| 133|0x00000000c8500000, 0x00000000c8500000, 0x00000000c8600000|  0%| F|  |TAMS 0x00000000c8500000, 0x00000000c8500000| Untracked 
| 134|0x00000000c8600000, 0x00000000c8600000, 0x00000000c8700000|  0%| F|  |TAMS 0x00000000c8600000, 0x00000000c8600000| Untracked 
| 135|0x00000000c8700000, 0x00000000c8700000, 0x00000000c8800000|  0%| F|  |TAMS 0x00000000c8700000, 0x00000000c8700000| Untracked 
| 136|0x00000000c8800000, 0x00000000c8800000, 0x00000000c8900000|  0%| F|  |TAMS 0x00000000c8800000, 0x00000000c8800000| Untracked 
| 137|0x00000000c8900000, 0x00000000c8900000, 0x00000000c8a00000|  0%| F|  |TAMS 0x00000000c8900000, 0x00000000c8900000| Untracked 
| 138|0x00000000c8a00000, 0x00000000c8a00000, 0x00000000c8b00000|  0%| F|  |TAMS 0x00000000c8a00000, 0x00000000c8a00000| Untracked 
| 139|0x00000000c8b00000, 0x00000000c8b00000, 0x00000000c8c00000|  0%| F|  |TAMS 0x00000000c8b00000, 0x00000000c8b00000| Untracked 
| 140|0x00000000c8c00000, 0x00000000c8c00000, 0x00000000c8d00000|  0%| F|  |TAMS 0x00000000c8c00000, 0x00000000c8c00000| Untracked 
| 141|0x00000000c8d00000, 0x00000000c8d00000, 0x00000000c8e00000|  0%| F|  |TAMS 0x00000000c8d00000, 0x00000000c8d00000| Untracked 
| 142|0x00000000c8e00000, 0x00000000c8e00000, 0x00000000c8f00000|  0%| F|  |TAMS 0x00000000c8e00000, 0x00000000c8e00000| Untracked 
| 143|0x00000000c8f00000, 0x00000000c8f00000, 0x00000000c9000000|  0%| F|  |TAMS 0x00000000c8f00000, 0x00000000c8f00000| Untracked 
| 144|0x00000000c9000000, 0x00000000c9000000, 0x00000000c9100000|  0%| F|  |TAMS 0x00000000c9000000, 0x00000000c9000000| Untracked 
| 145|0x00000000c9100000, 0x00000000c9100000, 0x00000000c9200000|  0%| F|  |TAMS 0x00000000c9100000, 0x00000000c9100000| Untracked 
| 146|0x00000000c9200000, 0x00000000c9200000, 0x00000000c9300000|  0%| F|  |TAMS 0x00000000c9200000, 0x00000000c9200000| Untracked 
| 147|0x00000000c9300000, 0x00000000c9300000, 0x00000000c9400000|  0%| F|  |TAMS 0x00000000c9300000, 0x00000000c9300000| Untracked 
| 148|0x00000000c9400000, 0x00000000c9400000, 0x00000000c9500000|  0%| F|  |TAMS 0x00000000c9400000, 0x00000000c9400000| Untracked 
| 149|0x00000000c9500000, 0x00000000c9500000, 0x00000000c9600000|  0%| F|  |TAMS 0x00000000c9500000, 0x00000000c9500000| Untracked 
| 150|0x00000000c9600000, 0x00000000c9600000, 0x00000000c9700000|  0%| F|  |TAMS 0x00000000c9600000, 0x00000000c9600000| Untracked 
| 151|0x00000000c9700000, 0x00000000c9700000, 0x00000000c9800000|  0%| F|  |TAMS 0x00000000c9700000, 0x00000000c9700000| Untracked 
| 152|0x00000000c9800000, 0x00000000c9800000, 0x00000000c9900000|  0%| F|  |TAMS 0x00000000c9800000, 0x00000000c9800000| Untracked 
| 153|0x00000000c9900000, 0x00000000c9900000, 0x00000000c9a00000|  0%| F|  |TAMS 0x00000000c9900000, 0x00000000c9900000| Untracked 
| 154|0x00000000c9a00000, 0x00000000c9a00000, 0x00000000c9b00000|  0%| F|  |TAMS 0x00000000c9a00000, 0x00000000c9a00000| Untracked 
| 155|0x00000000c9b00000, 0x00000000c9b00000, 0x00000000c9c00000|  0%| F|  |TAMS 0x00000000c9b00000, 0x00000000c9b00000| Untracked 
| 156|0x00000000c9c00000, 0x00000000c9c00000, 0x00000000c9d00000|  0%| F|  |TAMS 0x00000000c9c00000, 0x00000000c9c00000| Untracked 
| 157|0x00000000c9d00000, 0x00000000c9d00000, 0x00000000c9e00000|  0%| F|  |TAMS 0x00000000c9d00000, 0x00000000c9d00000| Untracked 
| 158|0x00000000c9e00000, 0x00000000c9e00000, 0x00000000c9f00000|  0%| F|  |TAMS 0x00000000c9e00000, 0x00000000c9e00000| Untracked 
| 159|0x00000000c9f00000, 0x00000000c9f00000, 0x00000000ca000000|  0%| F|  |TAMS 0x00000000c9f00000, 0x00000000c9f00000| Untracked 
| 160|0x00000000ca000000, 0x00000000ca000000, 0x00000000ca100000|  0%| F|  |TAMS 0x00000000ca000000, 0x00000000ca000000| Untracked 
| 161|0x00000000ca100000, 0x00000000ca100000, 0x00000000ca200000|  0%| F|  |TAMS 0x00000000ca100000, 0x00000000ca100000| Untracked 
| 162|0x00000000ca200000, 0x00000000ca200000, 0x00000000ca300000|  0%| F|  |TAMS 0x00000000ca200000, 0x00000000ca200000| Untracked 
| 163|0x00000000ca300000, 0x00000000ca300000, 0x00000000ca400000|  0%| F|  |TAMS 0x00000000ca300000, 0x00000000ca300000| Untracked 
| 164|0x00000000ca400000, 0x00000000ca400000, 0x00000000ca500000|  0%| F|  |TAMS 0x00000000ca400000, 0x00000000ca400000| Untracked 
| 165|0x00000000ca500000, 0x00000000ca500000, 0x00000000ca600000|  0%| F|  |TAMS 0x00000000ca500000, 0x00000000ca500000| Untracked 
| 166|0x00000000ca600000, 0x00000000ca600000, 0x00000000ca700000|  0%| F|  |TAMS 0x00000000ca600000, 0x00000000ca600000| Untracked 
| 167|0x00000000ca700000, 0x00000000ca700000, 0x00000000ca800000|  0%| F|  |TAMS 0x00000000ca700000, 0x00000000ca700000| Untracked 
| 168|0x00000000ca800000, 0x00000000ca800000, 0x00000000ca900000|  0%| F|  |TAMS 0x00000000ca800000, 0x00000000ca800000| Untracked 
| 169|0x00000000ca900000, 0x00000000ca900000, 0x00000000caa00000|  0%| F|  |TAMS 0x00000000ca900000, 0x00000000ca900000| Untracked 
| 170|0x00000000caa00000, 0x00000000caa00000, 0x00000000cab00000|  0%| F|  |TAMS 0x00000000caa00000, 0x00000000caa00000| Untracked 
| 171|0x00000000cab00000, 0x00000000cab00000, 0x00000000cac00000|  0%| F|  |TAMS 0x00000000cab00000, 0x00000000cab00000| Untracked 

Card table byte_map: [0x0000029920a90000,0x0000029920c90000] _byte_map_base: 0x0000029920490000

Marking Bits (Prev, Next): (CMBitMap*) 0x000002991a921980, (CMBitMap*) 0x000002991a9219c0
 Prev Bits: [0x0000029920e90000, 0x0000029921e90000)
 Next Bits: [0x0000029921e90000, 0x0000029922e90000)

Polling page: 0x0000029918830000

Metaspace:

Usage:
  Non-class:     36.25 MB used.
      Class:      5.30 MB used.
       Both:     41.55 MB used.

Virtual space:
  Non-class space:       64.00 MB reserved,      36.44 MB ( 57%) committed,  1 nodes.
      Class space:        1.00 GB reserved,       5.50 MB ( <1%) committed,  1 nodes.
             Both:        1.06 GB reserved,      41.94 MB (  4%) committed. 

Chunk freelists:
   Non-Class:  11.12 MB
       Class:  10.47 MB
        Both:  21.59 MB

MaxMetaspaceSize: unlimited
CompressedClassSpaceSize: 1.00 GB
Initial GC threshold: 21.00 MB
Current GC threshold: 64.69 MB
CDS: off
MetaspaceReclaimPolicy: balanced
 - commit_granule_bytes: 65536.
 - commit_granule_words: 8192.
 - virtual_space_node_default_size: 8388608.
 - enlarge_chunks_in_place: 1.
 - new_chunks_are_fully_committed: 0.
 - uncommit_free_chunks: 1.
 - use_allocation_guard: 0.
 - handle_deallocations: 1.


Internal statistics:

num_allocs_failed_limit: 6.
num_arena_births: 542.
num_arena_deaths: 0.
num_vsnodes_births: 2.
num_vsnodes_deaths: 0.
num_space_committed: 671.
num_space_uncommitted: 0.
num_chunks_returned_to_freelist: 6.
num_chunks_taken_from_freelist: 1857.
num_chunk_merges: 6.
num_chunk_splits: 1266.
num_chunks_enlarged: 955.
num_inconsistent_stats: 0.

CodeCache: size=49152Kb used=10055Kb max_used=10055Kb free=39096Kb
 bounds [0x000002991d560000, 0x000002991df40000, 0x0000029920560000]
 total_blobs=4945 nmethods=4383 adapters=486
 compilation: enabled
              stopped_count=0, restarted_count=0
 full_count=0

Compilation events (20 events):
Event: 10.370 Thread 0x000002992baf8c40 nmethod 4376 0x000002991df27010 code [0x000002991df27200, 0x000002991df27638]
Event: 10.370 Thread 0x000002992baf8c40 4365       1       jdk.internal.jimage.ImageReader::releaseByteBuffer (5 bytes)
Event: 10.370 Thread 0x000002992a00f590 nmethod 4361 0x000002991df27910 code [0x000002991df27b20, 0x000002991df28048]
Event: 10.370 Thread 0x000002992a00f590 4366       1       jdk.internal.jimage.BasicImageReader::releaseByteBuffer (16 bytes)
Event: 10.370 Thread 0x000002992baf8c40 nmethod 4365 0x000002991df28290 code [0x000002991df28420, 0x000002991df28568]
Event: 10.370 Thread 0x000002992baf8c40 4380       1       java.util.concurrent.ConcurrentHashMap::resizeStamp (9 bytes)
Event: 10.370 Thread 0x000002992a00f590 nmethod 4366 0x000002991df28610 code [0x000002991df287a0, 0x000002991df288e8]
Event: 10.370 Thread 0x000002992a00f590 4381       1       java.util.concurrent.ConcurrentHashMap::helpTransfer (123 bytes)
Event: 10.370 Thread 0x000002992baf8c40 nmethod 4380 0x000002991df28990 code [0x000002991df28b20, 0x000002991df28be8]
Event: 10.370 Thread 0x000002992baf8c40 4375       1       nonapi.io.github.classgraph.utils.ProxyingInputStream::<init> (10 bytes)
Event: 10.370 Thread 0x000002992baf8c40 nmethod 4375 0x000002991df28c90 code [0x000002991df28e20, 0x000002991df28f38]
Event: 10.370 Thread 0x000002992baf8c40 4363       1       jdk.internal.jimage.decompressor.ZipDecompressor::decompress (10 bytes)
Event: 10.371 Thread 0x000002992baf8c40 nmethod 4363 0x000002991df2a910 code [0x000002991df2aaa0, 0x000002991df2ab88]
Event: 10.371 Thread 0x000002992a2007a0 nmethod 4373 0x000002991df28f90 code [0x000002991df29300, 0x000002991df2a128]
Event: 10.371 Thread 0x000002992a00f590 nmethod 4381 0x000002991df2ac10 code [0x000002991df2adc0, 0x000002991df2b038]
Event: 10.374 Thread 0x000002992ba404a0 nmethod 4359 0x000002991df2b190 code [0x000002991df2b9c0, 0x000002991df2e508]
Event: 10.389 Thread 0x000002992a00f590 4382  s!   1       jdk.internal.loader.URLClassPath::getLoader (196 bytes)
Event: 10.391 Thread 0x000002992a00f590 nmethod 4382 0x000002991df30310 code [0x000002991df305c0, 0x000002991df310e8]
Event: 10.392 Thread 0x000002992a2007a0 4383       1       java.util.concurrent.locks.AbstractQueuedSynchronizer::release (19 bytes)
Event: 10.393 Thread 0x000002992a2007a0 nmethod 4383 0x000002991df31a10 code [0x000002991df31bc0, 0x000002991df31db8]

GC Heap History (20 events):
Event: 9.772 GC heap after
{Heap after GC invocations=12 (full 0):
 garbage-first heap   total 66560K, used 29825K [0x00000000c0000000, 0x0000000100000000)
  region size 1024K, 4 young (4096K), 4 survivors (4096K)
 Metaspace       used 38768K, committed 39168K, reserved 1114112K
  class space    used 5072K, committed 5248K, reserved 1048576K
}
Event: 9.807 GC heap before
{Heap before GC invocations=12 (full 0):
 garbage-first heap   total 66560K, used 46209K [0x00000000c0000000, 0x0000000100000000)
  region size 1024K, 21 young (21504K), 4 survivors (4096K)
 Metaspace       used 38848K, committed 39232K, reserved 1114112K
  class space    used 5086K, committed 5248K, reserved 1048576K
}
Event: 9.811 GC heap after
{Heap after GC invocations=13 (full 0):
 garbage-first heap   total 66560K, used 32645K [0x00000000c0000000, 0x0000000100000000)
  region size 1024K, 3 young (3072K), 3 survivors (3072K)
 Metaspace       used 38848K, committed 39232K, reserved 1114112K
  class space    used 5086K, committed 5248K, reserved 1048576K
}
Event: 9.846 GC heap before
{Heap before GC invocations=13 (full 0):
 garbage-first heap   total 66560K, used 48005K [0x00000000c0000000, 0x0000000100000000)
  region size 1024K, 19 young (19456K), 3 survivors (3072K)
 Metaspace       used 38994K, committed 39360K, reserved 1114112K
  class space    used 5115K, committed 5248K, reserved 1048576K
}
Event: 9.849 GC heap after
{Heap after GC invocations=14 (full 0):
 garbage-first heap   total 66560K, used 35973K [0x00000000c0000000, 0x0000000100000000)
  region size 1024K, 3 young (3072K), 3 survivors (3072K)
 Metaspace       used 38994K, committed 39360K, reserved 1114112K
  class space    used 5115K, committed 5248K, reserved 1048576K
}
Event: 9.893 GC heap before
{Heap before GC invocations=15 (full 0):
 garbage-first heap   total 73728K, used 48261K [0x00000000c0000000, 0x0000000100000000)
  region size 1024K, 16 young (16384K), 3 survivors (3072K)
 Metaspace       used 39160K, committed 39616K, reserved 1114112K
  class space    used 5145K, committed 5376K, reserved 1048576K
}
Event: 9.896 GC heap after
{Heap after GC invocations=16 (full 0):
 garbage-first heap   total 73728K, used 38555K [0x00000000c0000000, 0x0000000100000000)
  region size 1024K, 2 young (2048K), 2 survivors (2048K)
 Metaspace       used 39160K, committed 39616K, reserved 1114112K
  class space    used 5145K, committed 5376K, reserved 1048576K
}
Event: 9.898 GC heap before
{Heap before GC invocations=16 (full 0):
 garbage-first heap   total 73728K, used 39579K [0x00000000c0000000, 0x0000000100000000)
  region size 1024K, 3 young (3072K), 2 survivors (2048K)
 Metaspace       used 39180K, committed 39616K, reserved 1114112K
  class space    used 5147K, committed 5376K, reserved 1048576K
}
Event: 9.899 GC heap after
{Heap after GC invocations=17 (full 0):
 garbage-first heap   total 73728K, used 39205K [0x00000000c0000000, 0x0000000100000000)
  region size 1024K, 1 young (1024K), 1 survivors (1024K)
 Metaspace       used 39180K, committed 39616K, reserved 1114112K
  class space    used 5147K, committed 5376K, reserved 1048576K
}
Event: 9.926 GC heap before
{Heap before GC invocations=17 (full 0):
 garbage-first heap   total 73728K, used 55589K [0x00000000c0000000, 0x0000000100000000)
  region size 1024K, 17 young (17408K), 1 survivors (1024K)
 Metaspace       used 39226K, committed 39744K, reserved 1114112K
  class space    used 5157K, committed 5376K, reserved 1048576K
}
Event: 9.928 GC heap after
{Heap after GC invocations=18 (full 0):
 garbage-first heap   total 176128K, used 41824K [0x00000000c0000000, 0x0000000100000000)
  region size 1024K, 3 young (3072K), 3 survivors (3072K)
 Metaspace       used 39226K, committed 39744K, reserved 1114112K
  class space    used 5157K, committed 5376K, reserved 1048576K
}
Event: 10.228 GC heap before
{Heap before GC invocations=19 (full 0):
 garbage-first heap   total 174080K, used 124768K [0x00000000c0000000, 0x0000000100000000)
  region size 1024K, 84 young (86016K), 3 survivors (3072K)
 Metaspace       used 41748K, committed 42240K, reserved 1114112K
  class space    used 5337K, committed 5568K, reserved 1048576K
}
Event: 10.244 GC heap after
{Heap after GC invocations=20 (full 0):
 garbage-first heap   total 174080K, used 62502K [0x00000000c0000000, 0x0000000100000000)
  region size 1024K, 11 young (11264K), 11 survivors (11264K)
 Metaspace       used 41748K, committed 42240K, reserved 1114112K
  class space    used 5337K, committed 5568K, reserved 1048576K
}
Event: 10.247 GC heap before
{Heap before GC invocations=20 (full 0):
 garbage-first heap   total 174080K, used 63526K [0x00000000c0000000, 0x0000000100000000)
  region size 1024K, 12 young (12288K), 11 survivors (11264K)
 Metaspace       used 41782K, committed 42240K, reserved 1114112K
  class space    used 5341K, committed 5568K, reserved 1048576K
}
Event: 10.254 GC heap after
{Heap after GC invocations=21 (full 0):
 garbage-first heap   total 174080K, used 65307K [0x00000000c0000000, 0x0000000100000000)
  region size 1024K, 2 young (2048K), 2 survivors (2048K)
 Metaspace       used 41782K, committed 42240K, reserved 1114112K
  class space    used 5341K, committed 5568K, reserved 1048576K
}
Event: 10.341 GC heap before
{Heap before GC invocations=21 (full 0):
 garbage-first heap   total 174080K, used 119579K [0x00000000c0000000, 0x0000000100000000)
  region size 1024K, 55 young (56320K), 2 survivors (2048K)
 Metaspace       used 42344K, committed 42816K, reserved 1114112K
  class space    used 5415K, committed 5632K, reserved 1048576K
}
Event: 10.365 GC heap after
{Heap after GC invocations=22 (full 0):
 garbage-first heap   total 174080K, used 80088K [0x00000000c0000000, 0x0000000100000000)
  region size 1024K, 7 young (7168K), 7 survivors (7168K)
 Metaspace       used 42344K, committed 42816K, reserved 1114112K
  class space    used 5415K, committed 5632K, reserved 1048576K
}
Event: 10.377 GC heap before
{Heap before GC invocations=22 (full 0):
 garbage-first heap   total 174080K, used 122072K [0x00000000c0000000, 0x0000000100000000)
  region size 1024K, 49 young (50176K), 7 survivors (7168K)
 Metaspace       used 42405K, committed 42816K, reserved 1114112K
  class space    used 5423K, committed 5632K, reserved 1048576K
}
Event: 10.382 GC heap after
{Heap after GC invocations=23 (full 0):
 garbage-first heap   total 174080K, used 83318K [0x00000000c0000000, 0x0000000100000000)
  region size 1024K, 3 young (3072K), 3 survivors (3072K)
 Metaspace       used 42405K, committed 42816K, reserved 1114112K
  class space    used 5423K, committed 5632K, reserved 1048576K
}
Event: 10.394 GC heap before
{Heap before GC invocations=23 (full 0):
 garbage-first heap   total 174080K, used 129398K [0x00000000c0000000, 0x0000000100000000)
  region size 1024K, 49 young (50176K), 3 survivors (3072K)
 Metaspace       used 42547K, committed 42944K, reserved 1114112K
  class space    used 5431K, committed 5632K, reserved 1048576K
}

Dll operation events (7 events):
Event: 0.008 Loaded shared library c:\Users\aroda\.vscode\extensions\redhat.java-1.21.0-win32-x64\jre\17.0.7-win32-x86_64\bin\java.dll
Event: 0.228 Loaded shared library C:\Users\aroda\.vscode\extensions\redhat.java-1.21.0-win32-x64\jre\17.0.7-win32-x86_64\bin\net.dll
Event: 0.230 Loaded shared library C:\Users\aroda\.vscode\extensions\redhat.java-1.21.0-win32-x64\jre\17.0.7-win32-x86_64\bin\nio.dll
Event: 0.450 Loaded shared library C:\Users\aroda\.vscode\extensions\redhat.java-1.21.0-win32-x64\jre\17.0.7-win32-x86_64\bin\zip.dll
Event: 4.291 Loaded shared library C:\Users\aroda\.vscode\extensions\redhat.java-1.21.0-win32-x64\jre\17.0.7-win32-x86_64\bin\jimage.dll
Event: 9.350 Loaded shared library C:\Users\aroda\.vscode\extensions\redhat.java-1.21.0-win32-x64\jre\17.0.7-win32-x86_64\bin\management.dll
Event: 9.356 Loaded shared library C:\Users\aroda\.vscode\extensions\redhat.java-1.21.0-win32-x64\jre\17.0.7-win32-x86_64\bin\management_ext.dll

Deoptimization events (10 events):
Event: 5.894 Thread 0x000002991a8e28b0 DEOPT PACKING pc=0x000002991db59799 sp=0x000000c82b0fd550
Event: 5.894 Thread 0x000002991a8e28b0 DEOPT UNPACKING pc=0x000002991d5b7143 sp=0x000000c82b0fca30 mode 3
Event: 9.619 Thread 0x000002992b83b040 DEOPT PACKING pc=0x000002991daaaab5 sp=0x000000c82d3fd490
Event: 9.619 Thread 0x000002992b83b040 DEOPT UNPACKING pc=0x000002991d5b7143 sp=0x000000c82d3fc9a8 mode 3
Event: 9.692 Thread 0x000002992b8432d0 DEOPT PACKING pc=0x000002991da8f0ab sp=0x000000c82d4fe220
Event: 9.692 Thread 0x000002992b8432d0 DEOPT UNPACKING pc=0x000002991d5b7143 sp=0x000000c82d4fd768 mode 3
Event: 9.799 Thread 0x000002992b981090 DEOPT PACKING pc=0x000002991db03901 sp=0x000000c82e0ff350
Event: 9.799 Thread 0x000002992b981090 DEOPT UNPACKING pc=0x000002991d5b7143 sp=0x000000c82e0fe7e0 mode 3
Event: 9.820 Thread 0x000002992b97f3b0 DEOPT PACKING pc=0x000002991dade297 sp=0x000000c82d7ff0b0
Event: 9.820 Thread 0x000002992b97f3b0 DEOPT UNPACKING pc=0x000002991d5b7143 sp=0x000000c82d7fe508 mode 3

Classes unloaded (0 events):
No events

Classes redefined (0 events):
No events

Internal exceptions (20 events):
Event: 9.729 Thread 0x000002992b866380 Exception <a 'sun/nio/fs/WindowsException'{0x00000000c60b69f0}> (0x00000000c60b69f0) 
thrown [s\src\hotspot\share\prims\jni.cpp, line 516]
Event: 9.729 Thread 0x000002992b866380 Exception <a 'sun/nio/fs/WindowsException'{0x00000000c60b6d98}> (0x00000000c60b6d98) 
thrown [s\src\hotspot\share\prims\jni.cpp, line 516]
Event: 9.729 Thread 0x000002992b866380 Exception <a 'sun/nio/fs/WindowsException'{0x00000000c60b7790}> (0x00000000c60b7790) 
thrown [s\src\hotspot\share\prims\jni.cpp, line 516]
Event: 9.729 Thread 0x000002992b866380 Exception <a 'sun/nio/fs/WindowsException'{0x00000000c60b7b48}> (0x00000000c60b7b48) 
thrown [s\src\hotspot\share\prims\jni.cpp, line 516]
Event: 9.730 Thread 0x000002992b866380 Exception <a 'sun/nio/fs/WindowsException'{0x00000000c60b8558}> (0x00000000c60b8558) 
thrown [s\src\hotspot\share\prims\jni.cpp, line 516]
Event: 9.730 Thread 0x000002992b866380 Exception <a 'sun/nio/fs/WindowsException'{0x00000000c60b8930}> (0x00000000c60b8930) 
thrown [s\src\hotspot\share\prims\jni.cpp, line 516]
Event: 9.730 Thread 0x000002992b866380 Exception <a 'sun/nio/fs/WindowsException'{0x00000000c60b9358}> (0x00000000c60b9358) 
thrown [s\src\hotspot\share\prims\jni.cpp, line 516]
Event: 9.730 Thread 0x000002992b866380 Exception <a 'sun/nio/fs/WindowsException'{0x00000000c60b9748}> (0x00000000c60b9748) 
thrown [s\src\hotspot\share\prims\jni.cpp, line 516]
Event: 9.730 Thread 0x000002992b866380 Exception <a 'sun/nio/fs/WindowsException'{0x00000000c60ba168}> (0x00000000c60ba168) 
thrown [s\src\hotspot\share\prims\jni.cpp, line 516]
Event: 9.730 Thread 0x000002992b866380 Exception <a 'sun/nio/fs/WindowsException'{0x00000000c60ba550}> (0x00000000c60ba550) 
thrown [s\src\hotspot\share\prims\jni.cpp, line 516]
Event: 9.764 Thread 0x000002992b7ad4a0 Exception <a 'java/lang/NoSuchMethodError'{0x00000000c2c43958}: 'int java.lang.invoke.DirectMethodHandle$Holder.invokeStatic(java.lang.Object)'> (0x00000000c2c43958) 
thrown [s\src\hotspot\share\interpreter\linkResolver.cpp, line 759]
Event: 9.764 Thread 0x000002992b7ad4a0 Exception <a 'java/lang/NoSuchMethodError'{0x00000000c2c47000}: 'int java.lang.invoke.DirectMethodHandle$Holder.invokeStaticInit(java.lang.Object)'> (0x00000000c2c47000) 
thrown [s\src\hotspot\share\interpreter\linkResolver.cpp, line 759]
Event: 9.819 Thread 0x000002992b9b87a0 Exception <a 'sun/nio/fs/WindowsException'{0x00000000c5c9f2c8}> (0x00000000c5c9f2c8) 
thrown [s\src\hotspot\share\prims\jni.cpp, line 516]
Event: 9.820 Thread 0x000002992b981560 Exception <a 'sun/nio/fs/WindowsException'{0x00000000c5cad2a0}> (0x00000000c5cad2a0) 
thrown [s\src\hotspot\share\prims\jni.cpp, line 516]
Event: 9.820 Thread 0x000002992b9806f0 Exception <a 'sun/nio/fs/WindowsException'{0x00000000c5ca5e40}> (0x00000000c5ca5e40) 
thrown [s\src\hotspot\share\prims\jni.cpp, line 516]
Event: 9.820 Thread 0x000002992b97fd50 Exception <a 'sun/nio/fs/WindowsException'{0x00000000c5cbd518}> (0x00000000c5cbd518) 
thrown [s\src\hotspot\share\prims\jni.cpp, line 516]
Event: 9.820 Thread 0x000002992b97ea10 Exception <a 'sun/nio/fs/WindowsException'{0x00000000c5cfc308}> (0x00000000c5cfc308) 
thrown [s\src\hotspot\share\prims\jni.cpp, line 516]
Event: 9.821 Thread 0x000002992b9b87a0 Exception <a 'sun/nio/fs/WindowsException'{0x00000000c5ca1ae8}> (0x00000000c5ca1ae8) 
thrown [s\src\hotspot\share\prims\jni.cpp, line 516]
Event: 9.865 Thread 0x000002992b83b040 Exception <a 'java/lang/NoSuchMethodError'{0x00000000c5ee26c0}: 'java.lang.Object java.lang.invoke.DirectMethodHandle$Holder.newInvokeSpecial(java.lang.Object, java.lang.Object, int)'> (0x00000000c5ee26c0) 
thrown [s\src\hotspot\share\interpreter\linkResolver.cpp, line 759]
Event: 10.268 Thread 0x000002992b9bae20 Exception <a 'java/lang/NoSuchMethodError'{0x00000000ca4e9270}: 'java.lang.Object java.lang.invoke.Invokers$Holder.invoke_MT(java.lang.Object, java.lang.Object, java.lang.Object)'> (0x00000000ca4e9270) 
thrown [s\src\hotspot\share\interpreter\linkResolver.cpp, line 759]

VM Operations (20 events):
Event: 10.254 Executing VM operation: G1CollectForAllocation done
Event: 10.259 Executing VM operation: HandshakeAllThreads
Event: 10.259 Executing VM operation: HandshakeAllThreads done
Event: 10.261 Executing VM operation: HandshakeAllThreads
Event: 10.261 Executing VM operation: HandshakeAllThreads done
Event: 10.291 Executing VM operation: HandshakeAllThreads
Event: 10.291 Executing VM operation: HandshakeAllThreads done
Event: 10.340 Executing VM operation: G1CollectForAllocation
Event: 10.341 Executing VM operation: G1CollectForAllocation done
Event: 10.341 Executing VM operation: G1CollectForAllocation
Event: 10.365 Executing VM operation: G1CollectForAllocation done
Event: 10.376 Executing VM operation: HandshakeAllThreads
Event: 10.376 Executing VM operation: HandshakeAllThreads done
Event: 10.377 Executing VM operation: G1CollectForAllocation
Event: 10.377 Executing VM operation: G1CollectForAllocation done
Event: 10.377 Executing VM operation: G1CollectForAllocation
Event: 10.382 Executing VM operation: G1CollectForAllocation done
Event: 10.394 Executing VM operation: G1CollectForAllocation
Event: 10.394 Executing VM operation: G1CollectForAllocation done
Event: 10.394 Executing VM operation: G1CollectForAllocation

Events (20 events):
Event: 10.269 loading class sun/nio/ch/Util$4 done
Event: 10.269 loading class jdk/internal/access/foreign/MemorySegmentProxy
Event: 10.269 loading class jdk/internal/access/foreign/MemorySegmentProxy done
Event: 10.270 loading class java/io/UTFDataFormatException
Event: 10.270 loading class java/io/UTFDataFormatException done
Event: 10.271 loading class java/nio/file/ClosedDirectoryStreamException
Event: 10.271 loading class java/nio/file/ClosedDirectoryStreamException done
Event: 10.271 loading class jdk/internal/jrtfs/JrtFileSystem
Event: 10.272 loading class jdk/internal/jrtfs/JrtFileSystem done
Event: 10.272 loading class jdk/internal/jrtfs/JrtPath
Event: 10.272 loading class jdk/internal/jrtfs/JrtPath done
Event: 10.291 loading class java/nio/file/Files$3
Event: 10.291 loading class java/nio/file/Files$3 done
Event: 10.292 loading class java/nio/file/FileVisitResult
Event: 10.292 loading class java/nio/file/FileVisitResult done
Event: 10.313 loading class java/nio/channels/Channels$ReadableByteChannelImpl
Event: 10.313 loading class java/nio/channels/Channels$ReadableByteChannelImpl done
Event: 10.313 loading class java/nio/channels/NonWritableChannelException
Event: 10.314 loading class java/nio/channels/NonWritableChannelException done
Event: 10.392 Thread 0x000002992b9b9ae0 Thread added: 0x000002992b9b9ae0


Dynamic libraries:
0x00007ff750bf0000 - 0x00007ff750bfe000 	c:\Users\aroda\.vscode\extensions\redhat.java-1.21.0-win32-x64\jre\17.0.7-win32-x86_64\bin\java.exe
0x00007ff821990000 - 0x00007ff821ba4000 	C:\Windows\SYSTEM32\ntdll.dll
0x00007ff821020000 - 0x00007ff8210e4000 	C:\Windows\System32\KERNEL32.DLL
0x00007ff81f250000 - 0x00007ff81f5f4000 	C:\Windows\System32\KERNELBASE.dll
0x00007ff81f630000 - 0x00007ff81f741000 	C:\Windows\System32\ucrtbase.dll
0x00007fffdc390000 - 0x00007fffdc3a7000 	c:\Users\aroda\.vscode\extensions\redhat.java-1.21.0-win32-x64\jre\17.0.7-win32-x86_64\bin\jli.dll
0x00007fffddbd0000 - 0x00007fffddbe9000 	c:\Users\aroda\.vscode\extensions\redhat.java-1.21.0-win32-x64\jre\17.0.7-win32-x86_64\bin\VCRUNTIME140.dll
0x00007ff8216a0000 - 0x00007ff82184a000 	C:\Windows\System32\USER32.dll
0x00007ff81f600000 - 0x00007ff81f626000 	C:\Windows\System32\win32u.dll
0x00007ff8204b0000 - 0x00007ff8204d9000 	C:\Windows\System32\GDI32.dll
0x00007ff807750000 - 0x00007ff8079df000 	C:\Windows\WinSxS\amd64_microsoft.windows.common-controls_6595b64144ccf1df_6.0.22621.2070_none_2713e6537381f706\COMCTL32.dll
0x00007ff81ee80000 - 0x00007ff81ef99000 	C:\Windows\System32\gdi32full.dll
0x00007ff820f60000 - 0x00007ff821007000 	C:\Windows\System32\msvcrt.dll
0x00007ff81ede0000 - 0x00007ff81ee7a000 	C:\Windows\System32\msvcp_win.dll
0x00007ff8210f0000 - 0x00007ff821121000 	C:\Windows\System32\IMM32.DLL
0x00007ff800040000 - 0x00007ff80004c000 	c:\Users\aroda\.vscode\extensions\redhat.java-1.21.0-win32-x64\jre\17.0.7-win32-x86_64\bin\vcruntime140_1.dll
0x00007fffb05a0000 - 0x00007fffb0631000 	c:\Users\aroda\.vscode\extensions\redhat.java-1.21.0-win32-x64\jre\17.0.7-win32-x86_64\bin\msvcp140.dll
0x00007fff79ec0000 - 0x00007fff7ab08000 	c:\Users\aroda\.vscode\extensions\redhat.java-1.21.0-win32-x64\jre\17.0.7-win32-x86_64\bin\server\jvm.dll
0x00007ff821130000 - 0x00007ff8211e0000 	C:\Windows\System32\ADVAPI32.dll
0x00007ff8211e0000 - 0x00007ff821286000 	C:\Windows\System32\sechost.dll
0x00007ff81f7b0000 - 0x00007ff81f8c7000 	C:\Windows\System32\RPCRT4.dll
0x00007ff80b960000 - 0x00007ff80b994000 	C:\Windows\SYSTEM32\WINMM.dll
0x00007ff81c110000 - 0x00007ff81c119000 	C:\Windows\SYSTEM32\WSOCK32.dll
0x00007ff8193f0000 - 0x00007ff8193fa000 	C:\Windows\SYSTEM32\VERSION.dll
0x00007ff820d10000 - 0x00007ff820d81000 	C:\Windows\System32\WS2_32.dll
0x00007ff81dd20000 - 0x00007ff81dd38000 	C:\Windows\SYSTEM32\kernel.appcore.dll
0x00007ffffa110000 - 0x00007ffffa11a000 	c:\Users\aroda\.vscode\extensions\redhat.java-1.21.0-win32-x64\jre\17.0.7-win32-x86_64\bin\jimage.dll
0x00007ff809c20000 - 0x00007ff809e4e000 	C:\Windows\SYSTEM32\DBGHELP.DLL
0x00007ff820110000 - 0x00007ff82049a000 	C:\Windows\System32\combase.dll
0x00007ff8214f0000 - 0x00007ff8215c7000 	C:\Windows\System32\OLEAUT32.dll
0x00007ff802c80000 - 0x00007ff802cb2000 	C:\Windows\SYSTEM32\dbgcore.DLL
0x00007ff81efa0000 - 0x00007ff81f01a000 	C:\Windows\System32\bcryptPrimitives.dll
0x00007fffb5d20000 - 0x00007fffb5d45000 	c:\Users\aroda\.vscode\extensions\redhat.java-1.21.0-win32-x64\jre\17.0.7-win32-x86_64\bin\java.dll
0x00007fffce3e0000 - 0x00007fffce3f8000 	c:\Users\aroda\.vscode\extensions\redhat.java-1.21.0-win32-x64\jre\17.0.7-win32-x86_64\bin\zip.dll
0x00007ff81f8f0000 - 0x00007ff820106000 	C:\Windows\System32\SHELL32.dll
0x00007ff81ccf0000 - 0x00007ff81d5da000 	C:\Windows\SYSTEM32\windows.storage.dll
0x00007ff81cbb0000 - 0x00007ff81ccee000 	C:\Windows\SYSTEM32\wintypes.dll
0x00007ff821850000 - 0x00007ff821943000 	C:\Windows\System32\SHCORE.dll
0x00007ff81f750000 - 0x00007ff81f7ae000 	C:\Windows\System32\shlwapi.dll
0x00007ff81eca0000 - 0x00007ff81ecc6000 	C:\Windows\SYSTEM32\profapi.dll
0x00007fffcbda0000 - 0x00007fffcbdb9000 	C:\Users\aroda\.vscode\extensions\redhat.java-1.21.0-win32-x64\jre\17.0.7-win32-x86_64\bin\net.dll
0x00007ff818fb0000 - 0x00007ff8190e7000 	C:\Windows\SYSTEM32\WINHTTP.dll
0x00007ff81e1e0000 - 0x00007ff81e249000 	C:\Windows\system32\mswsock.dll
0x00007fffcbb10000 - 0x00007fffcbb25000 	C:\Users\aroda\.vscode\extensions\redhat.java-1.21.0-win32-x64\jre\17.0.7-win32-x86_64\bin\nio.dll
0x00007ff81e500000 - 0x00007ff81e51b000 	C:\Windows\SYSTEM32\CRYPTSP.dll
0x00007ff81dce0000 - 0x00007ff81dd15000 	C:\Windows\system32\rsaenh.dll
0x00007ff81e280000 - 0x00007ff81e2ac000 	C:\Windows\SYSTEM32\USERENV.dll
0x00007ff81e620000 - 0x00007ff81e648000 	C:\Windows\SYSTEM32\bcrypt.dll
0x00007ff81e4e0000 - 0x00007ff81e4ec000 	C:\Windows\SYSTEM32\CRYPTBASE.dll
0x00007ff81d840000 - 0x00007ff81d86d000 	C:\Windows\SYSTEM32\IPHLPAPI.DLL
0x00007ff821010000 - 0x00007ff821019000 	C:\Windows\System32\NSI.dll
0x00007ff818e50000 - 0x00007ff818e69000 	C:\Windows\SYSTEM32\dhcpcsvc6.DLL
0x00007ff818e30000 - 0x00007ff818e4f000 	C:\Windows\SYSTEM32\dhcpcsvc.DLL
0x00007ff81d8b0000 - 0x00007ff81d9a3000 	C:\Windows\SYSTEM32\DNSAPI.dll
0x00007ff803ff0000 - 0x00007ff803ff9000 	C:\Users\aroda\.vscode\extensions\redhat.java-1.21.0-win32-x64\jre\17.0.7-win32-x86_64\bin\management.dll
0x00007ff803ac0000 - 0x00007ff803acb000 	C:\Users\aroda\.vscode\extensions\redhat.java-1.21.0-win32-x64\jre\17.0.7-win32-x86_64\bin\management_ext.dll
0x00007ff8204a0000 - 0x00007ff8204a8000 	C:\Windows\System32\PSAPI.DLL

dbghelp: loaded successfully - version: 4.0.5 - missing functions: none
symbol engine: initialized successfully - sym options: 0x614 - pdb path: .;c:\Users\aroda\.vscode\extensions\redhat.java-1.21.0-win32-x64\jre\17.0.7-win32-x86_64\bin;C:\Windows\SYSTEM32;C:\Windows\WinSxS\amd64_microsoft.windows.common-controls_6595b64144ccf1df_6.0.22621.2070_none_2713e6537381f706;c:\Users\aroda\.vscode\extensions\redhat.java-1.21.0-win32-x64\jre\17.0.7-win32-x86_64\bin\server

VM Arguments:
jvm_args: -XX:+HeapDumpOnOutOfMemoryError -Xmx1024m -Dsts.lsp.client=vscode -Dsts.log.file=/dev/null -XX:TieredStopAtLevel=1 -Xlog:jni+resolve=off -Dspring.config.location=file:c:\Users\aroda\.vscode\extensions\vmware.vscode-spring-boot-1.48.0\language-server\BOOT-INF\classes\application.properties 
java_command: org.springframework.ide.vscode.boot.app.BootLanguageServerBootApp
java_class_path (initial): c:\Users\aroda\.vscode\extensions\vmware.vscode-spring-boot-1.48.0\language-server\BOOT-INF\classes;c:\Users\aroda\.vscode\extensions\vmware.vscode-spring-boot-1.48.0\language-server\BOOT-INF\lib\annotations-24.0.1.jar;c:\Users\aroda\.vscode\extensions\vmware.vscode-spring-boot-1.48.0\language-server\BOOT-INF\lib\antlr-runtime-3.5.3.jar;c:\Users\aroda\.vscode\extensions\vmware.vscode-spring-boot-1.48.0\language-server\BOOT-INF\lib\antlr4-4.11.1.jar;c:\Users\aroda\.vscode\extensions\vmware.vscode-spring-boot-1.48.0\language-server\BOOT-INF\lib\antlr4-runtime-4.11.1.jar;c:\Users\aroda\.vscode\extensions\vmware.vscode-spring-boot-1.48.0\language-server\BOOT-INF\lib\archunit-1.0.1.jar;c:\Users\aroda\.vscode\extensions\vmware.vscode-spring-boot-1.48.0\language-server\BOOT-INF\lib\asm-9.5.jar;c:\Users\aroda\.vscode\extensions\vmware.vscode-spring-boot-1.48.0\language-server\BOOT-INF\lib\asm-analysis-9.5.jar;c:\Users\aroda\.vscode\extensions\vmware.vscode-spring-boot-1.48.0\language-server\BOOT-INF\lib\asm-tree-9.5.jar;c:\Users\aroda\.vscode\extensions\vmware.vscode-spring-boot-1.48.0\language-server\BOOT-INF\lib\asm-util-9.5.jar;c:\Users\aroda\.vscode\extensions\vmware.vscode-spring-boot-1.48.0\language-server\BOOT-INF\lib\bosh-language-server-1.48.0-SNAPSHOT.jar;c:\Users\aroda\.vscode\extensions\vmware.vscode-spring-boot-1.48.0\language-server\BOOT-INF\lib\caffeine-3.1.6.jar;c:\Users\aroda\.vscode\extensions\vmware.vscode-spring-boot-1.48.0\language-server\BOOT-INF\lib\checker-qual-3.12.0.jar;c:\Users\aroda\.vscode\extensions\vmware.vscode-spring-boot-1.48.0\language-server\BOOT-INF\lib\classgraph-4.8.149.jar;c:\Users\aroda\.vscode\extensions\vmware.vscode-spring-boot-1.48.0\language-server\BOOT-INF\lib\commons-codec-1.15.jar;c:\Users\aroda\.vscode\extensions\vmware.vscode-spring-boot-1.48.0\language-server\BOOT-INF\lib\commons-compress-1.23.0.jar;c:\Users\aroda\.vscode\extensions\vmware.vscode-spring-boot-1.48.0\language-server\BOOT-INF\lib\
Launcher Type: SUN_STANDARD

[Global flags]
     intx CICompilerCount                          = 4                                         {product} {ergonomic}
     uint ConcGCThreads                            = 3                                         {product} {ergonomic}
     uint G1ConcRefinementThreads                  = 10                                        {product} {ergonomic}
   size_t G1HeapRegionSize                         = 1048576                                   {product} {ergonomic}
    uintx GCDrainStackTargetSize                   = 64                                        {product} {ergonomic}
     bool HeapDumpOnOutOfMemoryError               = true                                   {manageable} {command line}
   size_t InitialHeapSize                          = 132120576                                 {product} {ergonomic}
   size_t MarkStackSize                            = 4194304                                   {product} {ergonomic}
   size_t MaxHeapSize                              = 1073741824                                {product} {command line}
   size_t MaxNewSize                               = 643825664                                 {product} {ergonomic}
   size_t MinHeapDeltaBytes                        = 1048576                                   {product} {ergonomic}
   size_t MinHeapSize                              = 8388608                                   {product} {ergonomic}
    uintx NonProfiledCodeHeapSize                  = 0                                      {pd product} {ergonomic}
     bool ProfileInterpreter                       = false                                  {pd product} {command line}
    uintx ProfiledCodeHeapSize                     = 0                                      {pd product} {ergonomic}
   size_t SoftMaxHeapSize                          = 1073741824                             {manageable} {ergonomic}
     intx TieredStopAtLevel                        = 1                                         {product} {command line}
     bool UseCompressedClassPointers               = true                           {product lp64_product} {ergonomic}
     bool UseCompressedOops                        = true                           {product lp64_product} {ergonomic}
     bool UseG1GC                                  = true                                      {product} {ergonomic}
     bool UseLargePagesIndividualAllocation        = false                                  {pd product} {ergonomic}

Logging:
Log output configuration:
 #0: stdout all=warning,jni+resolve=off uptime,level,tags
 #1: stderr all=off uptime,level,tags

Environment Variables:
PATH=C:\Program Files\Common Files\Oracle\Java\javapath;C:\Program Files (x86)\Common Files\Oracle\Java\javapath;C:\Windows\system32;C:\Windows;C:\Windows\System32\Wbem;C:\Windows\System32\WindowsPowerShell\v1.0\;C:\Windows\System32\OpenSSH\;C:\Program Files\NVIDIA Corporation\NVIDIA NvDLISR;C:\Program Files (x86)\NVIDIA Corporation\PhysX\Common;C:\Program Files\dotnet\;C:\Program Files\Git\cmd;C:\Program Files\Maven\apache-maven-3.9.4\bin;C:\Users\aroda\AppData\Local\Microsoft\WindowsApps;;C:\Users\aroda\AppData\Local\Programs\Microsoft VS Code\bin
USERNAME=aroda
OS=Windows_NT
PROCESSOR_IDENTIFIER=Intel64 Family 6 Model 165 Stepping 2, GenuineIntel
TMP=C:\Users\aroda\AppData\Local\Temp
TEMP=C:\Users\aroda\AppData\Local\Temp



---------------  S Y S T E M  ---------------

OS:
 Windows 11 , 64 bit Build 22621 (10.0.22621.2070)
OS uptime: 1 days 11:04 hours
Hyper-V role detected

CPU: total 12 (initial active 12) (6 cores per cpu, 2 threads per core) family 6 model 165 stepping 2 microcode 0xe2, cx8, cmov, fxsr, ht, mmx, 3dnowpref, sse, sse2, sse3, ssse3, sse4.1, sse4.2, popcnt, lzcnt, tsc, tscinvbit, avx, avx2, aes, erms, clmul, bmi1, bmi2, adx, fma, vzeroupper, clflush, clflushopt, hv

Memory: 4k page, system-wide physical 8013M (576M free)
TotalPageFile size 16205M (AvailPageFile size 287M)
current process WorkingSet (physical memory assigned to process): 284M, peak: 284M
current process commit charge ("private bytes"): 330M, peak: 668M

vm_info: OpenJDK 64-Bit Server VM (17.0.7+7) for windows-amd64 JRE (17.0.7+7), built on Apr 18 2023 22:10:42 by "temurin" with MS VC++ 16.7 (VS2019)

END.
